[0.027s] Invoking command in '/home/naysha/erc_ws/build/erc_rover_interfaces': CMAKE_PREFIX_PATH=${CMAKE_PREFIX_PATH}:/home/naysha/erc_ws/install/erc_rover:/home/naysha/ros2_ws/install/final_pipeline:/opt/ros/jazzy DEBUGINFOD_URLS=https://debuginfod.ubuntu.com /usr/bin/cmake --build /home/naysha/erc_ws/build/erc_rover_interfaces -- -j12 -l12
[0.129s] [  1%] Built target erc_rover_interfaces__rosidl_generator_type_description
[0.141s] [  1%] Built target ament_cmake_python_symlink_erc_rover_interfaces
[0.175s] [  3%] Built target erc_rover_interfaces__cpp
[0.184s] [ 24%] Built target erc_rover_interfaces__rosidl_generator_c
[0.240s] [ 33%] Built target erc_rover_interfaces__rosidl_typesupport_c
[0.244s] [ 42%] Built target erc_rover_interfaces__rosidl_typesupport_fastrtps_cpp
[0.245s] [ 51%] Built target erc_rover_interfaces__rosidl_typesupport_fastrtps_c
[0.249s] [ 61%] Built target erc_rover_interfaces__rosidl_typesupport_introspection_c
[0.250s] [ 70%] Built target erc_rover_interfaces__rosidl_typesupport_cpp
[0.255s] [ 79%] Built target erc_rover_interfaces__rosidl_typesupport_introspection_cpp
[0.286s] [ 79%] Built target erc_rover_interfaces
[0.315s] [ 81%] Built target erc_rover_interfaces__py
[0.353s] [ 88%] Built target erc_rover_interfaces__rosidl_generator_py
[0.382s] [ 92%] Built target erc_rover_interfaces_s__rosidl_typesupport_introspection_c
[0.383s] [ 96%] Built target erc_rover_interfaces_s__rosidl_typesupport_fastrtps_c
[0.384s] [100%] Built target erc_rover_interfaces_s__rosidl_typesupport_c
[0.468s] running egg_info
[0.489s] writing erc_rover_interfaces.egg-info/PKG-INFO
[0.489s] writing dependency_links to erc_rover_interfaces.egg-info/dependency_links.txt
[0.490s] writing top-level names to erc_rover_interfaces.egg-info/top_level.txt
[0.553s] reading manifest file 'erc_rover_interfaces.egg-info/SOURCES.txt'
[0.554s] writing manifest file 'erc_rover_interfaces.egg-info/SOURCES.txt'
[0.591s] [100%] Built target ament_cmake_python_build_erc_rover_interfaces_egg
[0.613s] Invoked command in '/home/naysha/erc_ws/build/erc_rover_interfaces' returned '0': CMAKE_PREFIX_PATH=${CMAKE_PREFIX_PATH}:/home/naysha/erc_ws/install/erc_rover:/home/naysha/ros2_ws/install/final_pipeline:/opt/ros/jazzy DEBUGINFOD_URLS=https://debuginfod.ubuntu.com /usr/bin/cmake --build /home/naysha/erc_ws/build/erc_rover_interfaces -- -j12 -l12
[0.631s] Invoking command in '/home/naysha/erc_ws/build/erc_rover_interfaces': CMAKE_PREFIX_PATH=${CMAKE_PREFIX_PATH}:/home/naysha/erc_ws/install/erc_rover:/home/naysha/ros2_ws/install/final_pipeline:/opt/ros/jazzy DEBUGINFOD_URLS=https://debuginfod.ubuntu.com /usr/bin/cmake --install /home/naysha/erc_ws/build/erc_rover_interfaces
[0.645s] -- Install configuration: ""
[0.646s] -- Execute custom install script
[0.647s] -- Up-to-date symlink: /home/naysha/erc_ws/install/erc_rover_interfaces/share/ament_index/resource_index/rosidl_interfaces/erc_rover_interfaces
[0.647s] -- Up-to-date symlink: /home/naysha/erc_ws/install/erc_rover_interfaces/share/erc_rover_interfaces/srv/GetDepth.json
[0.647s] -- Up-to-date symlink: /home/naysha/erc_ws/install/erc_rover_interfaces/share/erc_rover_interfaces/srv/GetGPS.json
[0.648s] -- Up-to-date symlink: /home/naysha/erc_ws/install/erc_rover_interfaces/share/erc_rover_interfaces/srv/GetYaw.json
[0.648s] -- Up-to-date symlink: /home/naysha/erc_ws/install/erc_rover_interfaces/include/erc_rover_interfaces/erc_rover_interfaces/msg/rosidl_generator_c__visibility_control.h
[0.648s] -- Up-to-date symlink: /home/naysha/erc_ws/install/erc_rover_interfaces/include/erc_rover_interfaces/erc_rover_interfaces/srv/detail/get_depth__functions.h
[0.649s] -- Up-to-date symlink: /home/naysha/erc_ws/install/erc_rover_interfaces/include/erc_rover_interfaces/erc_rover_interfaces/srv/detail/get_depth__struct.h
[0.649s] -- Up-to-date symlink: /home/naysha/erc_ws/install/erc_rover_interfaces/include/erc_rover_interfaces/erc_rover_interfaces/srv/detail/get_depth__type_support.h
[0.649s] -- Up-to-date symlink: /home/naysha/erc_ws/install/erc_rover_interfaces/include/erc_rover_interfaces/erc_rover_interfaces/srv/detail/get_gps__functions.h
[0.649s] -- Up-to-date symlink: /home/naysha/erc_ws/install/erc_rover_interfaces/include/erc_rover_interfaces/erc_rover_interfaces/srv/detail/get_gps__struct.h
[0.649s] -- Up-to-date symlink: /home/naysha/erc_ws/install/erc_rover_interfaces/include/erc_rover_interfaces/erc_rover_interfaces/srv/detail/get_gps__type_support.h
[0.650s] -- Up-to-date symlink: /home/naysha/erc_ws/install/erc_rover_interfaces/include/erc_rover_interfaces/erc_rover_interfaces/srv/detail/get_yaw__functions.h
[0.650s] -- Up-to-date symlink: /home/naysha/erc_ws/install/erc_rover_interfaces/include/erc_rover_interfaces/erc_rover_interfaces/srv/detail/get_yaw__struct.h
[0.650s] -- Up-to-date symlink: /home/naysha/erc_ws/install/erc_rover_interfaces/include/erc_rover_interfaces/erc_rover_interfaces/srv/detail/get_yaw__type_support.h
[0.650s] -- Up-to-date symlink: /home/naysha/erc_ws/install/erc_rover_interfaces/include/erc_rover_interfaces/erc_rover_interfaces/srv/get_depth.h
[0.650s] -- Up-to-date symlink: /home/naysha/erc_ws/install/erc_rover_interfaces/include/erc_rover_interfaces/erc_rover_interfaces/srv/get_gps.h
[0.650s] -- Up-to-date symlink: /home/naysha/erc_ws/install/erc_rover_interfaces/include/erc_rover_interfaces/erc_rover_interfaces/srv/get_yaw.h
[0.650s] -- Up-to-date symlink: /home/naysha/erc_ws/install/erc_rover_interfaces/share/erc_rover_interfaces/environment/library_path.sh
[0.650s] -- Up-to-date symlink: /home/naysha/erc_ws/install/erc_rover_interfaces/share/erc_rover_interfaces/environment/library_path.dsv
[0.651s] -- Up-to-date symlink: /home/naysha/erc_ws/install/erc_rover_interfaces/include/erc_rover_interfaces/erc_rover_interfaces/msg/rosidl_typesupport_fastrtps_c__visibility_control.h
[0.651s] -- Up-to-date symlink: /home/naysha/erc_ws/install/erc_rover_interfaces/include/erc_rover_interfaces/erc_rover_interfaces/srv/detail/get_depth__rosidl_typesupport_fastrtps_c.h
[0.651s] -- Up-to-date symlink: /home/naysha/erc_ws/install/erc_rover_interfaces/include/erc_rover_interfaces/erc_rover_interfaces/srv/detail/get_gps__rosidl_typesupport_fastrtps_c.h
[0.651s] -- Up-to-date symlink: /home/naysha/erc_ws/install/erc_rover_interfaces/include/erc_rover_interfaces/erc_rover_interfaces/srv/detail/get_yaw__rosidl_typesupport_fastrtps_c.h
[0.652s] -- Up-to-date symlink: /home/naysha/erc_ws/install/erc_rover_interfaces/include/erc_rover_interfaces/erc_rover_interfaces/msg/rosidl_typesupport_introspection_c__visibility_control.h
[0.652s] -- Up-to-date symlink: /home/naysha/erc_ws/install/erc_rover_interfaces/include/erc_rover_interfaces/erc_rover_interfaces/srv/detail/get_depth__rosidl_typesupport_introspection_c.h
[0.652s] -- Up-to-date symlink: /home/naysha/erc_ws/install/erc_rover_interfaces/include/erc_rover_interfaces/erc_rover_interfaces/srv/detail/get_gps__rosidl_typesupport_introspection_c.h
[0.652s] -- Up-to-date symlink: /home/naysha/erc_ws/install/erc_rover_interfaces/include/erc_rover_interfaces/erc_rover_interfaces/srv/detail/get_yaw__rosidl_typesupport_introspection_c.h
[0.652s] -- Up-to-date symlink: /home/naysha/erc_ws/install/erc_rover_interfaces/include/erc_rover_interfaces/erc_rover_interfaces/msg/rosidl_generator_cpp__visibility_control.hpp
[0.653s] -- Up-to-date symlink: /home/naysha/erc_ws/install/erc_rover_interfaces/include/erc_rover_interfaces/erc_rover_interfaces/srv/detail/get_depth__builder.hpp
[0.653s] -- Up-to-date symlink: /home/naysha/erc_ws/install/erc_rover_interfaces/include/erc_rover_interfaces/erc_rover_interfaces/srv/detail/get_depth__struct.hpp
[0.653s] -- Up-to-date symlink: /home/naysha/erc_ws/install/erc_rover_interfaces/include/erc_rover_interfaces/erc_rover_interfaces/srv/detail/get_depth__traits.hpp
[0.653s] -- Up-to-date symlink: /home/naysha/erc_ws/install/erc_rover_interfaces/include/erc_rover_interfaces/erc_rover_interfaces/srv/detail/get_depth__type_support.hpp
[0.653s] -- Up-to-date symlink: /home/naysha/erc_ws/install/erc_rover_interfaces/include/erc_rover_interfaces/erc_rover_interfaces/srv/detail/get_gps__builder.hpp
[0.653s] -- Up-to-date symlink: /home/naysha/erc_ws/install/erc_rover_interfaces/include/erc_rover_interfaces/erc_rover_interfaces/srv/detail/get_gps__struct.hpp
[0.653s] -- Up-to-date symlink: /home/naysha/erc_ws/install/erc_rover_interfaces/include/erc_rover_interfaces/erc_rover_interfaces/srv/detail/get_gps__traits.hpp
[0.654s] -- Up-to-date symlink: /home/naysha/erc_ws/install/erc_rover_interfaces/include/erc_rover_interfaces/erc_rover_interfaces/srv/detail/get_gps__type_support.hpp
[0.654s] -- Up-to-date symlink: /home/naysha/erc_ws/install/erc_rover_interfaces/include/erc_rover_interfaces/erc_rover_interfaces/srv/detail/get_yaw__builder.hpp
[0.654s] -- Up-to-date symlink: /home/naysha/erc_ws/install/erc_rover_interfaces/include/erc_rover_interfaces/erc_rover_interfaces/srv/detail/get_yaw__struct.hpp
[0.654s] -- Up-to-date symlink: /home/naysha/erc_ws/install/erc_rover_interfaces/include/erc_rover_interfaces/erc_rover_interfaces/srv/detail/get_yaw__traits.hpp
[0.654s] -- Up-to-date symlink: /home/naysha/erc_ws/install/erc_rover_interfaces/include/erc_rover_interfaces/erc_rover_interfaces/srv/detail/get_yaw__type_support.hpp
[0.654s] -- Up-to-date symlink: /home/naysha/erc_ws/install/erc_rover_interfaces/include/erc_rover_interfaces/erc_rover_interfaces/srv/get_depth.hpp
[0.654s] -- Up-to-date symlink: /home/naysha/erc_ws/install/erc_rover_interfaces/include/erc_rover_interfaces/erc_rover_interfaces/srv/get_gps.hpp
[0.654s] -- Up-to-date symlink: /home/naysha/erc_ws/install/erc_rover_interfaces/include/erc_rover_interfaces/erc_rover_interfaces/srv/get_yaw.hpp
[0.655s] -- Up-to-date symlink: /home/naysha/erc_ws/install/erc_rover_interfaces/include/erc_rover_interfaces/erc_rover_interfaces/msg/rosidl_typesupport_fastrtps_cpp__visibility_control.h
[0.655s] -- Up-to-date symlink: /home/naysha/erc_ws/install/erc_rover_interfaces/include/erc_rover_interfaces/erc_rover_interfaces/srv/detail/get_depth__rosidl_typesupport_fastrtps_cpp.hpp
[0.656s] -- Up-to-date symlink: /home/naysha/erc_ws/install/erc_rover_interfaces/include/erc_rover_interfaces/erc_rover_interfaces/srv/detail/get_gps__rosidl_typesupport_fastrtps_cpp.hpp
[0.656s] -- Up-to-date symlink: /home/naysha/erc_ws/install/erc_rover_interfaces/include/erc_rover_interfaces/erc_rover_interfaces/srv/detail/get_yaw__rosidl_typesupport_fastrtps_cpp.hpp
[0.656s] -- Up-to-date symlink: /home/naysha/erc_ws/install/erc_rover_interfaces/include/erc_rover_interfaces/erc_rover_interfaces/srv/detail/get_depth__rosidl_typesupport_introspection_cpp.hpp
[0.656s] -- Up-to-date symlink: /home/naysha/erc_ws/install/erc_rover_interfaces/include/erc_rover_interfaces/erc_rover_interfaces/srv/detail/get_gps__rosidl_typesupport_introspection_cpp.hpp
[0.656s] -- Up-to-date symlink: /home/naysha/erc_ws/install/erc_rover_interfaces/include/erc_rover_interfaces/erc_rover_interfaces/srv/detail/get_yaw__rosidl_typesupport_introspection_cpp.hpp
[0.657s] -- Up-to-date symlink: /home/naysha/erc_ws/install/erc_rover_interfaces/share/erc_rover_interfaces/environment/pythonpath.sh
[0.657s] -- Up-to-date symlink: /home/naysha/erc_ws/install/erc_rover_interfaces/share/erc_rover_interfaces/environment/pythonpath.dsv
[0.657s] -- Up-to-date symlink: /home/naysha/erc_ws/install/erc_rover_interfaces/lib/python3.12/site-packages/erc_rover_interfaces-0.0.0-py3.12.egg-info/PKG-INFO
[0.657s] -- Up-to-date symlink: /home/naysha/erc_ws/install/erc_rover_interfaces/lib/python3.12/site-packages/erc_rover_interfaces-0.0.0-py3.12.egg-info/SOURCES.txt
[0.657s] -- Up-to-date symlink: /home/naysha/erc_ws/install/erc_rover_interfaces/lib/python3.12/site-packages/erc_rover_interfaces-0.0.0-py3.12.egg-info/dependency_links.txt
[0.658s] -- Up-to-date symlink: /home/naysha/erc_ws/install/erc_rover_interfaces/lib/python3.12/site-packages/erc_rover_interfaces-0.0.0-py3.12.egg-info/top_level.txt
[0.658s] -- Up-to-date symlink: /home/naysha/erc_ws/install/erc_rover_interfaces/lib/python3.12/site-packages/erc_rover_interfaces/__init__.py
[0.658s] -- Up-to-date symlink: /home/naysha/erc_ws/install/erc_rover_interfaces/lib/python3.12/site-packages/erc_rover_interfaces/_erc_rover_interfaces_s.ep.rosidl_typesupport_c.c
[0.659s] -- Up-to-date symlink: /home/naysha/erc_ws/install/erc_rover_interfaces/lib/python3.12/site-packages/erc_rover_interfaces/_erc_rover_interfaces_s.ep.rosidl_typesupport_fastrtps_c.c
[0.659s] -- Up-to-date symlink: /home/naysha/erc_ws/install/erc_rover_interfaces/lib/python3.12/site-packages/erc_rover_interfaces/_erc_rover_interfaces_s.ep.rosidl_typesupport_introspection_c.c
[0.659s] -- Up-to-date symlink: /home/naysha/erc_ws/install/erc_rover_interfaces/lib/python3.12/site-packages/erc_rover_interfaces/erc_rover_interfaces_s__rosidl_typesupport_c.so
[0.659s] -- Up-to-date symlink: /home/naysha/erc_ws/install/erc_rover_interfaces/lib/python3.12/site-packages/erc_rover_interfaces/erc_rover_interfaces_s__rosidl_typesupport_fastrtps_c.so
[0.659s] -- Up-to-date symlink: /home/naysha/erc_ws/install/erc_rover_interfaces/lib/python3.12/site-packages/erc_rover_interfaces/erc_rover_interfaces_s__rosidl_typesupport_introspection_c.so
[0.659s] -- Up-to-date symlink: /home/naysha/erc_ws/install/erc_rover_interfaces/lib/python3.12/site-packages/erc_rover_interfaces/srv/__init__.py
[0.659s] -- Up-to-date symlink: /home/naysha/erc_ws/install/erc_rover_interfaces/lib/python3.12/site-packages/erc_rover_interfaces/srv/_get_depth.py
[0.659s] -- Up-to-date symlink: /home/naysha/erc_ws/install/erc_rover_interfaces/lib/python3.12/site-packages/erc_rover_interfaces/srv/_get_depth_s.c
[0.660s] -- Up-to-date symlink: /home/naysha/erc_ws/install/erc_rover_interfaces/lib/python3.12/site-packages/erc_rover_interfaces/srv/_get_gps.py
[0.660s] -- Up-to-date symlink: /home/naysha/erc_ws/install/erc_rover_interfaces/lib/python3.12/site-packages/erc_rover_interfaces/srv/_get_gps_s.c
[0.660s] -- Up-to-date symlink: /home/naysha/erc_ws/install/erc_rover_interfaces/lib/python3.12/site-packages/erc_rover_interfaces/srv/_get_yaw.py
[0.660s] -- Up-to-date symlink: /home/naysha/erc_ws/install/erc_rover_interfaces/lib/python3.12/site-packages/erc_rover_interfaces/srv/_get_yaw_s.c
[0.660s] -- Up-to-date symlink: /home/naysha/erc_ws/install/erc_rover_interfaces/lib/python3.12/site-packages/erc_rover_interfaces/erc_rover_interfaces_s__rosidl_typesupport_fastrtps_c.so
[0.661s] -- Up-to-date symlink: /home/naysha/erc_ws/install/erc_rover_interfaces/lib/python3.12/site-packages/erc_rover_interfaces/erc_rover_interfaces_s__rosidl_typesupport_introspection_c.so
[0.661s] -- Up-to-date symlink: /home/naysha/erc_ws/install/erc_rover_interfaces/lib/python3.12/site-packages/erc_rover_interfaces/erc_rover_interfaces_s__rosidl_typesupport_c.so
[0.661s] -- Up-to-date symlink: /home/naysha/erc_ws/install/erc_rover_interfaces/share/erc_rover_interfaces/srv/GetDepth.idl
[0.661s] -- Up-to-date symlink: /home/naysha/erc_ws/install/erc_rover_interfaces/share/erc_rover_interfaces/srv/GetGPS.idl
[0.662s] -- Up-to-date symlink: /home/naysha/erc_ws/install/erc_rover_interfaces/share/erc_rover_interfaces/srv/GetYaw.idl
[0.662s] -- Up-to-date symlink: /home/naysha/erc_ws/install/erc_rover_interfaces/share/erc_rover_interfaces/srv/GetDepth.srv
[0.662s] -- Up-to-date symlink: /home/naysha/erc_ws/install/erc_rover_interfaces/share/erc_rover_interfaces/srv/GetGPS.srv
[0.662s] -- Up-to-date symlink: /home/naysha/erc_ws/install/erc_rover_interfaces/share/erc_rover_interfaces/srv/GetYaw.srv
[0.662s] -- Up-to-date symlink: /home/naysha/erc_ws/install/erc_rover_interfaces/share/ament_index/resource_index/package_run_dependencies/erc_rover_interfaces
[0.663s] -- Up-to-date symlink: /home/naysha/erc_ws/install/erc_rover_interfaces/share/ament_index/resource_index/parent_prefix_path/erc_rover_interfaces
[0.663s] -- Up-to-date symlink: /home/naysha/erc_ws/install/erc_rover_interfaces/share/erc_rover_interfaces/environment/ament_prefix_path.sh
[0.663s] -- Up-to-date symlink: /home/naysha/erc_ws/install/erc_rover_interfaces/share/erc_rover_interfaces/environment/ament_prefix_path.dsv
[0.663s] -- Up-to-date symlink: /home/naysha/erc_ws/install/erc_rover_interfaces/share/erc_rover_interfaces/environment/path.sh
[0.663s] -- Up-to-date symlink: /home/naysha/erc_ws/install/erc_rover_interfaces/share/erc_rover_interfaces/environment/path.dsv
[0.664s] -- Up-to-date symlink: /home/naysha/erc_ws/install/erc_rover_interfaces/share/erc_rover_interfaces/local_setup.bash
[0.664s] -- Up-to-date symlink: /home/naysha/erc_ws/install/erc_rover_interfaces/share/erc_rover_interfaces/local_setup.sh
[0.664s] -- Up-to-date symlink: /home/naysha/erc_ws/install/erc_rover_interfaces/share/erc_rover_interfaces/local_setup.zsh
[0.664s] -- Up-to-date symlink: /home/naysha/erc_ws/install/erc_rover_interfaces/share/erc_rover_interfaces/local_setup.dsv
[0.664s] -- Symlinking: /home/naysha/erc_ws/install/erc_rover_interfaces/share/erc_rover_interfaces/package.dsv
[0.682s] -- Up-to-date symlink: /home/naysha/erc_ws/install/erc_rover_interfaces/share/ament_index/resource_index/packages/erc_rover_interfaces
[0.683s] -- Up-to-date symlink: /home/naysha/erc_ws/install/erc_rover_interfaces/share/erc_rover_interfaces/cmake/rosidl_cmake-extras.cmake
[0.683s] -- Up-to-date symlink: /home/naysha/erc_ws/install/erc_rover_interfaces/share/erc_rover_interfaces/cmake/ament_cmake_export_dependencies-extras.cmake
[0.683s] -- Up-to-date symlink: /home/naysha/erc_ws/install/erc_rover_interfaces/share/erc_rover_interfaces/cmake/ament_cmake_export_include_directories-extras.cmake
[0.683s] -- Up-to-date symlink: /home/naysha/erc_ws/install/erc_rover_interfaces/share/erc_rover_interfaces/cmake/ament_cmake_export_libraries-extras.cmake
[0.683s] -- Up-to-date symlink: /home/naysha/erc_ws/install/erc_rover_interfaces/share/erc_rover_interfaces/cmake/ament_cmake_export_targets-extras.cmake
[0.683s] -- Up-to-date symlink: /home/naysha/erc_ws/install/erc_rover_interfaces/share/erc_rover_interfaces/cmake/rosidl_cmake_export_typesupport_targets-extras.cmake
[0.683s] -- Up-to-date symlink: /home/naysha/erc_ws/install/erc_rover_interfaces/share/erc_rover_interfaces/cmake/rosidl_cmake_export_typesupport_libraries-extras.cmake
[0.684s] -- Up-to-date symlink: /home/naysha/erc_ws/install/erc_rover_interfaces/share/erc_rover_interfaces/cmake/erc_rover_interfacesConfig.cmake
[0.684s] -- Up-to-date symlink: /home/naysha/erc_ws/install/erc_rover_interfaces/share/erc_rover_interfaces/cmake/erc_rover_interfacesConfig-version.cmake
[0.684s] -- Up-to-date symlink: /home/naysha/erc_ws/install/erc_rover_interfaces/share/erc_rover_interfaces/package.xml
[0.685s] -- Up-to-date: /home/naysha/erc_ws/install/erc_rover_interfaces/lib/liberc_rover_interfaces__rosidl_generator_c.so
[0.685s] -- Up-to-date: /home/naysha/erc_ws/install/erc_rover_interfaces/lib/liberc_rover_interfaces__rosidl_typesupport_fastrtps_c.so
[0.686s] -- Up-to-date: /home/naysha/erc_ws/install/erc_rover_interfaces/lib/liberc_rover_interfaces__rosidl_typesupport_introspection_c.so
[0.686s] -- Up-to-date: /home/naysha/erc_ws/install/erc_rover_interfaces/lib/liberc_rover_interfaces__rosidl_typesupport_c.so
[0.686s] -- Up-to-date: /home/naysha/erc_ws/install/erc_rover_interfaces/lib/liberc_rover_interfaces__rosidl_typesupport_fastrtps_cpp.so
[0.687s] -- Up-to-date: /home/naysha/erc_ws/install/erc_rover_interfaces/lib/liberc_rover_interfaces__rosidl_typesupport_introspection_cpp.so
[0.687s] -- Up-to-date: /home/naysha/erc_ws/install/erc_rover_interfaces/lib/liberc_rover_interfaces__rosidl_typesupport_cpp.so
[0.744s] Listing '/home/naysha/erc_ws/install/erc_rover_interfaces/lib/python3.12/site-packages/erc_rover_interfaces'...
[0.744s] Listing '/home/naysha/erc_ws/install/erc_rover_interfaces/lib/python3.12/site-packages/erc_rover_interfaces/srv'...
[0.750s] -- Up-to-date: /home/naysha/erc_ws/install/erc_rover_interfaces/lib/liberc_rover_interfaces__rosidl_generator_py.so
[0.751s] -- Up-to-date: /home/naysha/erc_ws/install/erc_rover_interfaces/share/erc_rover_interfaces/cmake/export_erc_rover_interfaces__rosidl_generator_cExport.cmake
[0.751s] -- Up-to-date: /home/naysha/erc_ws/install/erc_rover_interfaces/share/erc_rover_interfaces/cmake/export_erc_rover_interfaces__rosidl_generator_cExport-noconfig.cmake
[0.751s] -- Up-to-date: /home/naysha/erc_ws/install/erc_rover_interfaces/share/erc_rover_interfaces/cmake/export_erc_rover_interfaces__rosidl_typesupport_fastrtps_cExport.cmake
[0.751s] -- Up-to-date: /home/naysha/erc_ws/install/erc_rover_interfaces/share/erc_rover_interfaces/cmake/export_erc_rover_interfaces__rosidl_typesupport_fastrtps_cExport-noconfig.cmake
[0.751s] -- Up-to-date: /home/naysha/erc_ws/install/erc_rover_interfaces/share/erc_rover_interfaces/cmake/erc_rover_interfaces__rosidl_typesupport_introspection_cExport.cmake
[0.751s] -- Up-to-date: /home/naysha/erc_ws/install/erc_rover_interfaces/share/erc_rover_interfaces/cmake/erc_rover_interfaces__rosidl_typesupport_introspection_cExport-noconfig.cmake
[0.751s] -- Up-to-date: /home/naysha/erc_ws/install/erc_rover_interfaces/share/erc_rover_interfaces/cmake/erc_rover_interfaces__rosidl_typesupport_cExport.cmake
[0.752s] -- Up-to-date: /home/naysha/erc_ws/install/erc_rover_interfaces/share/erc_rover_interfaces/cmake/erc_rover_interfaces__rosidl_typesupport_cExport-noconfig.cmake
[0.752s] -- Up-to-date: /home/naysha/erc_ws/install/erc_rover_interfaces/share/erc_rover_interfaces/cmake/export_erc_rover_interfaces__rosidl_generator_cppExport.cmake
[0.752s] -- Up-to-date: /home/naysha/erc_ws/install/erc_rover_interfaces/share/erc_rover_interfaces/cmake/export_erc_rover_interfaces__rosidl_typesupport_fastrtps_cppExport.cmake
[0.752s] -- Up-to-date: /home/naysha/erc_ws/install/erc_rover_interfaces/share/erc_rover_interfaces/cmake/export_erc_rover_interfaces__rosidl_typesupport_fastrtps_cppExport-noconfig.cmake
[0.752s] -- Up-to-date: /home/naysha/erc_ws/install/erc_rover_interfaces/share/erc_rover_interfaces/cmake/erc_rover_interfaces__rosidl_typesupport_introspection_cppExport.cmake
[0.752s] -- Up-to-date: /home/naysha/erc_ws/install/erc_rover_interfaces/share/erc_rover_interfaces/cmake/erc_rover_interfaces__rosidl_typesupport_introspection_cppExport-noconfig.cmake
[0.752s] -- Up-to-date: /home/naysha/erc_ws/install/erc_rover_interfaces/share/erc_rover_interfaces/cmake/erc_rover_interfaces__rosidl_typesupport_cppExport.cmake
[0.752s] -- Up-to-date: /home/naysha/erc_ws/install/erc_rover_interfaces/share/erc_rover_interfaces/cmake/erc_rover_interfaces__rosidl_typesupport_cppExport-noconfig.cmake
[0.752s] -- Up-to-date: /home/naysha/erc_ws/install/erc_rover_interfaces/share/erc_rover_interfaces/cmake/export_erc_rover_interfaces__rosidl_generator_pyExport.cmake
[0.752s] -- Up-to-date: /home/naysha/erc_ws/install/erc_rover_interfaces/share/erc_rover_interfaces/cmake/export_erc_rover_interfaces__rosidl_generator_pyExport-noconfig.cmake
[0.756s] Invoked command in '/home/naysha/erc_ws/build/erc_rover_interfaces' returned '0': CMAKE_PREFIX_PATH=${CMAKE_PREFIX_PATH}:/home/naysha/erc_ws/install/erc_rover:/home/naysha/ros2_ws/install/final_pipeline:/opt/ros/jazzy DEBUGINFOD_URLS=https://debuginfod.ubuntu.com /usr/bin/cmake --install /home/naysha/erc_ws/build/erc_rover_interfaces
