[0.957s] Invoking command in '/home/naysha/erc_ws/build/erc_rover': DEBUGINFOD_URLS=https://debuginfod.ubuntu.com PYTHONPATH=/home/naysha/erc_ws/build/erc_rover/prefix_override:/usr/lib/python3/dist-packages/colcon_core/task/python/colcon_distutils_commands:/home/naysha/erc_ws/install/erc_rover/lib/python3.12/site-packages:/home/naysha/erc_ws/install/erc_rover_interfaces/lib/python3.12/site-packages:/home/naysha/erc_ws/build/erc_rover:/home/naysha/erc_ws/install/erc_rover/lib/python3.12/site-packages:/home/naysha/ros2_ws/install/final_pipeline/lib/python3.12/site-packages:/home/naysha/ros2_ws/install/final_pipeline_interfaces/lib/python3.12/site-packages:/opt/ros/jazzy/lib/python3.12/site-packages:/home/naysha/erc_ws /usr/bin/python3 -W ignore:setup.py install is deprecated -W ignore:easy_install command is deprecated setup.py develop --editable --build-directory /home/naysha/erc_ws/build/erc_rover/build --no-deps symlink_data
[1.336s] running develop
[1.557s] running egg_info
[1.579s] writing erc_rover.egg-info/PKG-INFO
[1.579s] writing dependency_links to erc_rover.egg-info/dependency_links.txt
[1.579s] writing entry points to erc_rover.egg-info/entry_points.txt
[1.579s] writing requirements to erc_rover.egg-info/requires.txt
[1.579s] writing top-level names to erc_rover.egg-info/top_level.txt
[1.622s] reading manifest file 'erc_rover.egg-info/SOURCES.txt'
[1.623s] writing manifest file 'erc_rover.egg-info/SOURCES.txt'
[1.646s] running build_ext
[1.646s] Creating /home/naysha/erc_ws/install/erc_rover/lib/python3.12/site-packages/erc-rover.egg-link (link to .)
[1.647s] Installing camera script to /home/naysha/erc_ws/install/erc_rover/lib/erc_rover
[1.647s] Installing img_segmentation script to /home/naysha/erc_ws/install/erc_rover/lib/erc_rover
[1.647s] Installing pipeline_node script to /home/naysha/erc_ws/install/erc_rover/lib/erc_rover
[1.647s] Installing position script to /home/naysha/erc_ws/install/erc_rover/lib/erc_rover
[1.647s] 
[1.648s] Installed /home/naysha/erc_ws/build/erc_rover
[1.648s] running symlink_data
[1.684s] Invoked command in '/home/naysha/erc_ws/build/erc_rover' returned '0': DEBUGINFOD_URLS=https://debuginfod.ubuntu.com PYTHONPATH=/home/naysha/erc_ws/build/erc_rover/prefix_override:/usr/lib/python3/dist-packages/colcon_core/task/python/colcon_distutils_commands:/home/naysha/erc_ws/install/erc_rover/lib/python3.12/site-packages:/home/naysha/erc_ws/install/erc_rover_interfaces/lib/python3.12/site-packages:/home/naysha/erc_ws/build/erc_rover:/home/naysha/erc_ws/install/erc_rover/lib/python3.12/site-packages:/home/naysha/ros2_ws/install/final_pipeline/lib/python3.12/site-packages:/home/naysha/ros2_ws/install/final_pipeline_interfaces/lib/python3.12/site-packages:/opt/ros/jazzy/lib/python3.12/site-packages:/home/naysha/erc_ws /usr/bin/python3 -W ignore:setup.py install is deprecated -W ignore:easy_install command is deprecated setup.py develop --editable --build-directory /home/naysha/erc_ws/build/erc_rover/build --no-deps symlink_data
