-- The C compiler identification is GNU 13.3.0
-- The CXX compiler identification is GNU 13.3.0
-- Detecting C compiler ABI info
-- Detecting C compiler ABI info - done
-- Check for working C compiler: /usr/bin/cc - skipped
-- Detecting C compile features
-- Detecting C compile features - done
-- Detecting CXX compiler ABI info
-- Detecting CXX compiler ABI info - done
-- Check for working CXX compiler: /usr/bin/c++ - skipped
-- Detecting CXX compile features
-- Detecting CXX compile features - done
-- Found ament_cmake: 2.5.4 (/opt/ros/jazzy/share/ament_cmake/cmake)
-- Found Python3: /usr/bin/python3 (found version "3.12.3") found components: Interpreter 
-- Override CMake install command with custom implementation using symlinks instead of copying resources
-- Found rosidl_default_generators: 1.6.0 (/opt/ros/jazzy/share/rosidl_default_generators/cmake)
-- Using all available rosidl_typesupport_c: rosidl_typesupport_fastrtps_c;rosidl_typesupport_introspection_c
-- Using all available rosidl_typesupport_cpp: rosidl_typesupport_fastrtps_cpp;rosidl_typesupport_introspection_cpp
-- Found rosidl_adapter: 4.6.5 (/opt/ros/jazzy/share/rosidl_adapter/cmake)
-- Found ament_cmake_ros: 0.12.0 (/opt/ros/jazzy/share/ament_cmake_ros/cmake)
-- Using all available rosidl_typesupport_c: rosidl_typesupport_fastrtps_c;rosidl_typesupport_introspection_c
-- Using all available rosidl_typesupport_cpp: rosidl_typesupport_fastrtps_cpp;rosidl_typesupport_introspection_cpp
-- Found python_cmake_module: 0.11.1 (/opt/ros/jazzy/share/python_cmake_module/cmake)
-- Found PythonExtra: /usr/bin/python3  
-- Found Python3: /usr/bin/python3 (found version "3.12.3") found components: Interpreter Development NumPy Development.Module Development.Embed 
-- Configuring done (5.9s)
-- Generating done (0.0s)
-- Build files have been written to: /home/naysha/erc_ws/build/erc_rover_interfaces
[  1%] [34m[1mGenerating type hashes for ROS interfaces[0m
[  1%] Built target ament_cmake_python_symlink_erc_rover_interfaces
running egg_info
creating erc_rover_interfaces.egg-info
[  1%] Built target erc_rover_interfaces__rosidl_generator_type_description
writing erc_rover_interfaces.egg-info/PKG-INFO
[  3%] [34m[1mGenerating C code for ROS interfaces[0m
writing dependency_links to erc_rover_interfaces.egg-info/dependency_links.txt
writing top-level names to erc_rover_interfaces.egg-info/top_level.txt
writing manifest file 'erc_rover_interfaces.egg-info/SOURCES.txt'
[  5%] [34m[1mGenerating C++ code for ROS interfaces[0m
reading manifest file 'erc_rover_interfaces.egg-info/SOURCES.txt'
writing manifest file 'erc_rover_interfaces.egg-info/SOURCES.txt'
[  5%] Built target ament_cmake_python_build_erc_rover_interfaces_egg
[  5%] Built target erc_rover_interfaces__cpp
[  7%] [32mBuilding C object CMakeFiles/erc_rover_interfaces__rosidl_generator_c.dir/rosidl_generator_c/erc_rover_interfaces/srv/detail/get_gps__description.c.o[0m
[  9%] [32mBuilding C object CMakeFiles/erc_rover_interfaces__rosidl_generator_c.dir/rosidl_generator_c/erc_rover_interfaces/srv/detail/get_yaw__functions.c.o[0m
[ 11%] [32mBuilding C object CMakeFiles/erc_rover_interfaces__rosidl_generator_c.dir/rosidl_generator_c/erc_rover_interfaces/srv/detail/get_depth__type_support.c.o[0m
[ 14%] [32mBuilding C object CMakeFiles/erc_rover_interfaces__rosidl_generator_c.dir/rosidl_generator_c/erc_rover_interfaces/srv/detail/get_depth__description.c.o[0m
[ 14%] [32mBuilding C object CMakeFiles/erc_rover_interfaces__rosidl_generator_c.dir/rosidl_generator_c/erc_rover_interfaces/srv/detail/get_depth__functions.c.o[0m
[ 16%] [32mBuilding C object CMakeFiles/erc_rover_interfaces__rosidl_generator_c.dir/rosidl_generator_c/erc_rover_interfaces/srv/detail/get_gps__functions.c.o[0m
[ 18%] [32mBuilding C object CMakeFiles/erc_rover_interfaces__rosidl_generator_c.dir/rosidl_generator_c/erc_rover_interfaces/srv/detail/get_yaw__description.c.o[0m
[ 20%] [32mBuilding C object CMakeFiles/erc_rover_interfaces__rosidl_generator_c.dir/rosidl_generator_c/erc_rover_interfaces/srv/detail/get_gps__type_support.c.o[0m
[ 22%] [32mBuilding C object CMakeFiles/erc_rover_interfaces__rosidl_generator_c.dir/rosidl_generator_c/erc_rover_interfaces/srv/detail/get_yaw__type_support.c.o[0m
[ 24%] [32m[1mLinking C shared library liberc_rover_interfaces__rosidl_generator_c.so[0m
[ 24%] Built target erc_rover_interfaces__rosidl_generator_c
[ 25%] [34m[1mGenerating C++ type support dispatch for ROS interfaces[0m
[ 29%] [34m[1mGenerating C introspection for ROS interfaces[0m
[ 31%] [34m[1mGenerating C++ introspection for ROS interfaces[0m
[ 31%] [34m[1mGenerating C++ type support for eProsima Fast-RTPS[0m
[ 35%] [34m[1mGenerating C type support dispatch for ROS interfaces[0m
[ 35%] [34m[1mGenerating C type support for eProsima Fast-RTPS[0m
[ 38%] [32mBuilding CXX object CMakeFiles/erc_rover_interfaces__rosidl_typesupport_c.dir/rosidl_typesupport_c/erc_rover_interfaces/srv/get_yaw__type_support.cpp.o[0m
[ 38%] [32mBuilding CXX object CMakeFiles/erc_rover_interfaces__rosidl_typesupport_c.dir/rosidl_typesupport_c/erc_rover_interfaces/srv/get_gps__type_support.cpp.o[0m
[ 40%] [32mBuilding CXX object CMakeFiles/erc_rover_interfaces__rosidl_typesupport_c.dir/rosidl_typesupport_c/erc_rover_interfaces/srv/get_depth__type_support.cpp.o[0m
[ 42%] [32m[1mLinking CXX shared library liberc_rover_interfaces__rosidl_typesupport_c.so[0m
[ 44%] [32mBuilding C object CMakeFiles/erc_rover_interfaces__rosidl_typesupport_introspection_c.dir/rosidl_typesupport_introspection_c/erc_rover_interfaces/srv/detail/get_gps__type_support.c.o[0m
[ 46%] [32mBuilding C object CMakeFiles/erc_rover_interfaces__rosidl_typesupport_introspection_c.dir/rosidl_typesupport_introspection_c/erc_rover_interfaces/srv/detail/get_yaw__type_support.c.o[0m
[ 48%] [32mBuilding C object CMakeFiles/erc_rover_interfaces__rosidl_typesupport_introspection_c.dir/rosidl_typesupport_introspection_c/erc_rover_interfaces/srv/detail/get_depth__type_support.c.o[0m
[ 50%] [32mBuilding CXX object CMakeFiles/erc_rover_interfaces__rosidl_typesupport_introspection_cpp.dir/rosidl_typesupport_introspection_cpp/erc_rover_interfaces/srv/detail/get_yaw__type_support.cpp.o[0m
[ 51%] [32mBuilding CXX object CMakeFiles/erc_rover_interfaces__rosidl_typesupport_introspection_cpp.dir/rosidl_typesupport_introspection_cpp/erc_rover_interfaces/srv/detail/get_depth__type_support.cpp.o[0m
[ 53%] [32mBuilding CXX object CMakeFiles/erc_rover_interfaces__rosidl_typesupport_introspection_cpp.dir/rosidl_typesupport_introspection_cpp/erc_rover_interfaces/srv/detail/get_gps__type_support.cpp.o[0m
[ 53%] Built target erc_rover_interfaces__rosidl_typesupport_c
[ 55%] [32m[1mLinking C shared library liberc_rover_interfaces__rosidl_typesupport_introspection_c.so[0m
[ 57%] [32mBuilding CXX object CMakeFiles/erc_rover_interfaces__rosidl_typesupport_cpp.dir/rosidl_typesupport_cpp/erc_rover_interfaces/srv/get_gps__type_support.cpp.o[0m
[ 59%] [32mBuilding CXX object CMakeFiles/erc_rover_interfaces__rosidl_typesupport_cpp.dir/rosidl_typesupport_cpp/erc_rover_interfaces/srv/get_depth__type_support.cpp.o[0m
[ 61%] [32mBuilding CXX object CMakeFiles/erc_rover_interfaces__rosidl_typesupport_cpp.dir/rosidl_typesupport_cpp/erc_rover_interfaces/srv/get_yaw__type_support.cpp.o[0m
[ 62%] [32mBuilding CXX object CMakeFiles/erc_rover_interfaces__rosidl_typesupport_fastrtps_c.dir/rosidl_typesupport_fastrtps_c/erc_rover_interfaces/srv/detail/get_depth__type_support_c.cpp.o[0m
[ 64%] [32mBuilding CXX object CMakeFiles/erc_rover_interfaces__rosidl_typesupport_fastrtps_c.dir/rosidl_typesupport_fastrtps_c/erc_rover_interfaces/srv/detail/get_gps__type_support_c.cpp.o[0m
[ 66%] [32mBuilding CXX object CMakeFiles/erc_rover_interfaces__rosidl_typesupport_fastrtps_c.dir/rosidl_typesupport_fastrtps_c/erc_rover_interfaces/srv/detail/get_yaw__type_support_c.cpp.o[0m
[ 66%] Built target erc_rover_interfaces__rosidl_typesupport_introspection_c
[ 68%] [32mBuilding CXX object CMakeFiles/erc_rover_interfaces__rosidl_typesupport_fastrtps_cpp.dir/rosidl_typesupport_fastrtps_cpp/erc_rover_interfaces/srv/detail/dds_fastrtps/get_yaw__type_support.cpp.o[0m
[ 72%] [32mBuilding CXX object CMakeFiles/erc_rover_interfaces__rosidl_typesupport_fastrtps_cpp.dir/rosidl_typesupport_fastrtps_cpp/erc_rover_interfaces/srv/detail/dds_fastrtps/get_depth__type_support.cpp.o[0m
[ 72%] [32mBuilding CXX object CMakeFiles/erc_rover_interfaces__rosidl_typesupport_fastrtps_cpp.dir/rosidl_typesupport_fastrtps_cpp/erc_rover_interfaces/srv/detail/dds_fastrtps/get_gps__type_support.cpp.o[0m
[ 74%] [32m[1mLinking CXX shared library liberc_rover_interfaces__rosidl_typesupport_introspection_cpp.so[0m
[ 75%] [32m[1mLinking CXX shared library liberc_rover_interfaces__rosidl_typesupport_cpp.so[0m
[ 75%] Built target erc_rover_interfaces__rosidl_typesupport_introspection_cpp
[ 75%] Built target erc_rover_interfaces__rosidl_typesupport_cpp
[ 77%] [32m[1mLinking CXX shared library liberc_rover_interfaces__rosidl_typesupport_fastrtps_c.so[0m
[ 77%] Built target erc_rover_interfaces__rosidl_typesupport_fastrtps_c
[ 79%] [32m[1mLinking CXX shared library liberc_rover_interfaces__rosidl_typesupport_fastrtps_cpp.so[0m
[ 79%] Built target erc_rover_interfaces__rosidl_typesupport_fastrtps_cpp
[ 79%] Built target erc_rover_interfaces
[ 81%] [34m[1mGenerating Python code for ROS interfaces[0m
[ 81%] Built target erc_rover_interfaces__py
[ 83%] [32mBuilding C object CMakeFiles/erc_rover_interfaces__rosidl_generator_py.dir/rosidl_generator_py/erc_rover_interfaces/srv/_get_yaw_s.c.o[0m
[ 85%] [32mBuilding C object CMakeFiles/erc_rover_interfaces__rosidl_generator_py.dir/rosidl_generator_py/erc_rover_interfaces/srv/_get_depth_s.c.o[0m
[ 87%] [32mBuilding C object CMakeFiles/erc_rover_interfaces__rosidl_generator_py.dir/rosidl_generator_py/erc_rover_interfaces/srv/_get_gps_s.c.o[0m
[ 88%] [32m[1mLinking C shared library liberc_rover_interfaces__rosidl_generator_py.so[0m
[ 88%] Built target erc_rover_interfaces__rosidl_generator_py
[ 90%] [32mBuilding C object CMakeFiles/erc_rover_interfaces_s__rosidl_typesupport_c.dir/rosidl_generator_py/erc_rover_interfaces/_erc_rover_interfaces_s.ep.rosidl_typesupport_c.c.o[0m
[ 92%] [32mBuilding C object CMakeFiles/erc_rover_interfaces_s__rosidl_typesupport_fastrtps_c.dir/rosidl_generator_py/erc_rover_interfaces/_erc_rover_interfaces_s.ep.rosidl_typesupport_fastrtps_c.c.o[0m
[ 94%] [32mBuilding C object CMakeFiles/erc_rover_interfaces_s__rosidl_typesupport_introspection_c.dir/rosidl_generator_py/erc_rover_interfaces/_erc_rover_interfaces_s.ep.rosidl_typesupport_introspection_c.c.o[0m
[ 96%] [32m[1mLinking C shared module rosidl_generator_py/erc_rover_interfaces/erc_rover_interfaces_s__rosidl_typesupport_c.so[0m
[ 98%] [32m[1mLinking C shared module rosidl_generator_py/erc_rover_interfaces/erc_rover_interfaces_s__rosidl_typesupport_fastrtps_c.so[0m
[100%] [32m[1mLinking C shared module rosidl_generator_py/erc_rover_interfaces/erc_rover_interfaces_s__rosidl_typesupport_introspection_c.so[0m
[100%] Built target erc_rover_interfaces_s__rosidl_typesupport_fastrtps_c
[100%] Built target erc_rover_interfaces_s__rosidl_typesupport_introspection_c
[100%] Built target erc_rover_interfaces_s__rosidl_typesupport_c
-- Install configuration: ""
-- Execute custom install script
-- Symlinking: /home/naysha/erc_ws/install/erc_rover_interfaces/share/ament_index/resource_index/rosidl_interfaces/erc_rover_interfaces
-- Symlinking: /home/naysha/erc_ws/install/erc_rover_interfaces/share/erc_rover_interfaces/srv/GetDepth.json
-- Symlinking: /home/naysha/erc_ws/install/erc_rover_interfaces/share/erc_rover_interfaces/srv/GetGPS.json
-- Symlinking: /home/naysha/erc_ws/install/erc_rover_interfaces/share/erc_rover_interfaces/srv/GetYaw.json
-- Symlinking: /home/naysha/erc_ws/install/erc_rover_interfaces/include/erc_rover_interfaces/erc_rover_interfaces/msg/rosidl_generator_c__visibility_control.h
-- Symlinking: /home/naysha/erc_ws/install/erc_rover_interfaces/include/erc_rover_interfaces/erc_rover_interfaces/srv/detail/get_depth__functions.h
-- Symlinking: /home/naysha/erc_ws/install/erc_rover_interfaces/include/erc_rover_interfaces/erc_rover_interfaces/srv/detail/get_depth__struct.h
-- Symlinking: /home/naysha/erc_ws/install/erc_rover_interfaces/include/erc_rover_interfaces/erc_rover_interfaces/srv/detail/get_depth__type_support.h
-- Symlinking: /home/naysha/erc_ws/install/erc_rover_interfaces/include/erc_rover_interfaces/erc_rover_interfaces/srv/detail/get_gps__functions.h
-- Symlinking: /home/naysha/erc_ws/install/erc_rover_interfaces/include/erc_rover_interfaces/erc_rover_interfaces/srv/detail/get_gps__struct.h
-- Symlinking: /home/naysha/erc_ws/install/erc_rover_interfaces/include/erc_rover_interfaces/erc_rover_interfaces/srv/detail/get_gps__type_support.h
-- Symlinking: /home/naysha/erc_ws/install/erc_rover_interfaces/include/erc_rover_interfaces/erc_rover_interfaces/srv/detail/get_yaw__functions.h
-- Symlinking: /home/naysha/erc_ws/install/erc_rover_interfaces/include/erc_rover_interfaces/erc_rover_interfaces/srv/detail/get_yaw__struct.h
-- Symlinking: /home/naysha/erc_ws/install/erc_rover_interfaces/include/erc_rover_interfaces/erc_rover_interfaces/srv/detail/get_yaw__type_support.h
-- Symlinking: /home/naysha/erc_ws/install/erc_rover_interfaces/include/erc_rover_interfaces/erc_rover_interfaces/srv/get_depth.h
-- Symlinking: /home/naysha/erc_ws/install/erc_rover_interfaces/include/erc_rover_interfaces/erc_rover_interfaces/srv/get_gps.h
-- Symlinking: /home/naysha/erc_ws/install/erc_rover_interfaces/include/erc_rover_interfaces/erc_rover_interfaces/srv/get_yaw.h
-- Symlinking: /home/naysha/erc_ws/install/erc_rover_interfaces/share/erc_rover_interfaces/environment/library_path.sh
-- Symlinking: /home/naysha/erc_ws/install/erc_rover_interfaces/share/erc_rover_interfaces/environment/library_path.dsv
-- Symlinking: /home/naysha/erc_ws/install/erc_rover_interfaces/include/erc_rover_interfaces/erc_rover_interfaces/msg/rosidl_typesupport_fastrtps_c__visibility_control.h
-- Symlinking: /home/naysha/erc_ws/install/erc_rover_interfaces/include/erc_rover_interfaces/erc_rover_interfaces/srv/detail/get_depth__rosidl_typesupport_fastrtps_c.h
-- Symlinking: /home/naysha/erc_ws/install/erc_rover_interfaces/include/erc_rover_interfaces/erc_rover_interfaces/srv/detail/get_gps__rosidl_typesupport_fastrtps_c.h
-- Symlinking: /home/naysha/erc_ws/install/erc_rover_interfaces/include/erc_rover_interfaces/erc_rover_interfaces/srv/detail/get_yaw__rosidl_typesupport_fastrtps_c.h
-- Symlinking: /home/naysha/erc_ws/install/erc_rover_interfaces/include/erc_rover_interfaces/erc_rover_interfaces/msg/rosidl_typesupport_introspection_c__visibility_control.h
-- Symlinking: /home/naysha/erc_ws/install/erc_rover_interfaces/include/erc_rover_interfaces/erc_rover_interfaces/srv/detail/get_depth__rosidl_typesupport_introspection_c.h
-- Symlinking: /home/naysha/erc_ws/install/erc_rover_interfaces/include/erc_rover_interfaces/erc_rover_interfaces/srv/detail/get_gps__rosidl_typesupport_introspection_c.h
-- Symlinking: /home/naysha/erc_ws/install/erc_rover_interfaces/include/erc_rover_interfaces/erc_rover_interfaces/srv/detail/get_yaw__rosidl_typesupport_introspection_c.h
-- Symlinking: /home/naysha/erc_ws/install/erc_rover_interfaces/include/erc_rover_interfaces/erc_rover_interfaces/msg/rosidl_generator_cpp__visibility_control.hpp
-- Symlinking: /home/naysha/erc_ws/install/erc_rover_interfaces/include/erc_rover_interfaces/erc_rover_interfaces/srv/detail/get_depth__builder.hpp
-- Symlinking: /home/naysha/erc_ws/install/erc_rover_interfaces/include/erc_rover_interfaces/erc_rover_interfaces/srv/detail/get_depth__struct.hpp
-- Symlinking: /home/naysha/erc_ws/install/erc_rover_interfaces/include/erc_rover_interfaces/erc_rover_interfaces/srv/detail/get_depth__traits.hpp
-- Symlinking: /home/naysha/erc_ws/install/erc_rover_interfaces/include/erc_rover_interfaces/erc_rover_interfaces/srv/detail/get_depth__type_support.hpp
-- Symlinking: /home/naysha/erc_ws/install/erc_rover_interfaces/include/erc_rover_interfaces/erc_rover_interfaces/srv/detail/get_gps__builder.hpp
-- Symlinking: /home/naysha/erc_ws/install/erc_rover_interfaces/include/erc_rover_interfaces/erc_rover_interfaces/srv/detail/get_gps__struct.hpp
-- Symlinking: /home/naysha/erc_ws/install/erc_rover_interfaces/include/erc_rover_interfaces/erc_rover_interfaces/srv/detail/get_gps__traits.hpp
-- Symlinking: /home/naysha/erc_ws/install/erc_rover_interfaces/include/erc_rover_interfaces/erc_rover_interfaces/srv/detail/get_gps__type_support.hpp
-- Symlinking: /home/naysha/erc_ws/install/erc_rover_interfaces/include/erc_rover_interfaces/erc_rover_interfaces/srv/detail/get_yaw__builder.hpp
-- Symlinking: /home/naysha/erc_ws/install/erc_rover_interfaces/include/erc_rover_interfaces/erc_rover_interfaces/srv/detail/get_yaw__struct.hpp
-- Symlinking: /home/naysha/erc_ws/install/erc_rover_interfaces/include/erc_rover_interfaces/erc_rover_interfaces/srv/detail/get_yaw__traits.hpp
-- Symlinking: /home/naysha/erc_ws/install/erc_rover_interfaces/include/erc_rover_interfaces/erc_rover_interfaces/srv/detail/get_yaw__type_support.hpp
-- Symlinking: /home/naysha/erc_ws/install/erc_rover_interfaces/include/erc_rover_interfaces/erc_rover_interfaces/srv/get_depth.hpp
-- Symlinking: /home/naysha/erc_ws/install/erc_rover_interfaces/include/erc_rover_interfaces/erc_rover_interfaces/srv/get_gps.hpp
-- Symlinking: /home/naysha/erc_ws/install/erc_rover_interfaces/include/erc_rover_interfaces/erc_rover_interfaces/srv/get_yaw.hpp
-- Symlinking: /home/naysha/erc_ws/install/erc_rover_interfaces/include/erc_rover_interfaces/erc_rover_interfaces/msg/rosidl_typesupport_fastrtps_cpp__visibility_control.h
-- Symlinking: /home/naysha/erc_ws/install/erc_rover_interfaces/include/erc_rover_interfaces/erc_rover_interfaces/srv/detail/get_depth__rosidl_typesupport_fastrtps_cpp.hpp
-- Symlinking: /home/naysha/erc_ws/install/erc_rover_interfaces/include/erc_rover_interfaces/erc_rover_interfaces/srv/detail/get_gps__rosidl_typesupport_fastrtps_cpp.hpp
-- Symlinking: /home/naysha/erc_ws/install/erc_rover_interfaces/include/erc_rover_interfaces/erc_rover_interfaces/srv/detail/get_yaw__rosidl_typesupport_fastrtps_cpp.hpp
-- Symlinking: /home/naysha/erc_ws/install/erc_rover_interfaces/include/erc_rover_interfaces/erc_rover_interfaces/srv/detail/get_depth__rosidl_typesupport_introspection_cpp.hpp
-- Symlinking: /home/naysha/erc_ws/install/erc_rover_interfaces/include/erc_rover_interfaces/erc_rover_interfaces/srv/detail/get_gps__rosidl_typesupport_introspection_cpp.hpp
-- Symlinking: /home/naysha/erc_ws/install/erc_rover_interfaces/include/erc_rover_interfaces/erc_rover_interfaces/srv/detail/get_yaw__rosidl_typesupport_introspection_cpp.hpp
-- Symlinking: /home/naysha/erc_ws/install/erc_rover_interfaces/share/erc_rover_interfaces/environment/pythonpath.sh
-- Symlinking: /home/naysha/erc_ws/install/erc_rover_interfaces/share/erc_rover_interfaces/environment/pythonpath.dsv
-- Symlinking: /home/naysha/erc_ws/install/erc_rover_interfaces/lib/python3.12/site-packages/erc_rover_interfaces-0.0.0-py3.12.egg-info/PKG-INFO
-- Symlinking: /home/naysha/erc_ws/install/erc_rover_interfaces/lib/python3.12/site-packages/erc_rover_interfaces-0.0.0-py3.12.egg-info/SOURCES.txt
-- Symlinking: /home/naysha/erc_ws/install/erc_rover_interfaces/lib/python3.12/site-packages/erc_rover_interfaces-0.0.0-py3.12.egg-info/dependency_links.txt
-- Symlinking: /home/naysha/erc_ws/install/erc_rover_interfaces/lib/python3.12/site-packages/erc_rover_interfaces-0.0.0-py3.12.egg-info/top_level.txt
-- Symlinking: /home/naysha/erc_ws/install/erc_rover_interfaces/lib/python3.12/site-packages/erc_rover_interfaces/__init__.py
-- Symlinking: /home/naysha/erc_ws/install/erc_rover_interfaces/lib/python3.12/site-packages/erc_rover_interfaces/_erc_rover_interfaces_s.ep.rosidl_typesupport_c.c
-- Symlinking: /home/naysha/erc_ws/install/erc_rover_interfaces/lib/python3.12/site-packages/erc_rover_interfaces/_erc_rover_interfaces_s.ep.rosidl_typesupport_fastrtps_c.c
-- Symlinking: /home/naysha/erc_ws/install/erc_rover_interfaces/lib/python3.12/site-packages/erc_rover_interfaces/_erc_rover_interfaces_s.ep.rosidl_typesupport_introspection_c.c
-- Symlinking: /home/naysha/erc_ws/install/erc_rover_interfaces/lib/python3.12/site-packages/erc_rover_interfaces/erc_rover_interfaces_s__rosidl_typesupport_c.so
-- Symlinking: /home/naysha/erc_ws/install/erc_rover_interfaces/lib/python3.12/site-packages/erc_rover_interfaces/erc_rover_interfaces_s__rosidl_typesupport_fastrtps_c.so
-- Symlinking: /home/naysha/erc_ws/install/erc_rover_interfaces/lib/python3.12/site-packages/erc_rover_interfaces/erc_rover_interfaces_s__rosidl_typesupport_introspection_c.so
-- Symlinking: /home/naysha/erc_ws/install/erc_rover_interfaces/lib/python3.12/site-packages/erc_rover_interfaces/srv/__init__.py
-- Symlinking: /home/naysha/erc_ws/install/erc_rover_interfaces/lib/python3.12/site-packages/erc_rover_interfaces/srv/_get_depth.py
-- Symlinking: /home/naysha/erc_ws/install/erc_rover_interfaces/lib/python3.12/site-packages/erc_rover_interfaces/srv/_get_depth_s.c
-- Symlinking: /home/naysha/erc_ws/install/erc_rover_interfaces/lib/python3.12/site-packages/erc_rover_interfaces/srv/_get_gps.py
-- Symlinking: /home/naysha/erc_ws/install/erc_rover_interfaces/lib/python3.12/site-packages/erc_rover_interfaces/srv/_get_gps_s.c
-- Symlinking: /home/naysha/erc_ws/install/erc_rover_interfaces/lib/python3.12/site-packages/erc_rover_interfaces/srv/_get_yaw.py
-- Symlinking: /home/naysha/erc_ws/install/erc_rover_interfaces/lib/python3.12/site-packages/erc_rover_interfaces/srv/_get_yaw_s.c
-- Up-to-date symlink: /home/naysha/erc_ws/install/erc_rover_interfaces/lib/python3.12/site-packages/erc_rover_interfaces/erc_rover_interfaces_s__rosidl_typesupport_fastrtps_c.so
-- Up-to-date symlink: /home/naysha/erc_ws/install/erc_rover_interfaces/lib/python3.12/site-packages/erc_rover_interfaces/erc_rover_interfaces_s__rosidl_typesupport_introspection_c.so
-- Up-to-date symlink: /home/naysha/erc_ws/install/erc_rover_interfaces/lib/python3.12/site-packages/erc_rover_interfaces/erc_rover_interfaces_s__rosidl_typesupport_c.so
-- Symlinking: /home/naysha/erc_ws/install/erc_rover_interfaces/share/erc_rover_interfaces/srv/GetDepth.idl
-- Symlinking: /home/naysha/erc_ws/install/erc_rover_interfaces/share/erc_rover_interfaces/srv/GetGPS.idl
-- Symlinking: /home/naysha/erc_ws/install/erc_rover_interfaces/share/erc_rover_interfaces/srv/GetYaw.idl
-- Symlinking: /home/naysha/erc_ws/install/erc_rover_interfaces/share/erc_rover_interfaces/srv/GetDepth.srv
-- Symlinking: /home/naysha/erc_ws/install/erc_rover_interfaces/share/erc_rover_interfaces/srv/GetGPS.srv
-- Symlinking: /home/naysha/erc_ws/install/erc_rover_interfaces/share/erc_rover_interfaces/srv/GetYaw.srv
-- Symlinking: /home/naysha/erc_ws/install/erc_rover_interfaces/share/ament_index/resource_index/package_run_dependencies/erc_rover_interfaces
-- Symlinking: /home/naysha/erc_ws/install/erc_rover_interfaces/share/ament_index/resource_index/parent_prefix_path/erc_rover_interfaces
-- Symlinking: /home/naysha/erc_ws/install/erc_rover_interfaces/share/erc_rover_interfaces/environment/ament_prefix_path.sh
-- Symlinking: /home/naysha/erc_ws/install/erc_rover_interfaces/share/erc_rover_interfaces/environment/ament_prefix_path.dsv
-- Symlinking: /home/naysha/erc_ws/install/erc_rover_interfaces/share/erc_rover_interfaces/environment/path.sh
-- Symlinking: /home/naysha/erc_ws/install/erc_rover_interfaces/share/erc_rover_interfaces/environment/path.dsv
-- Symlinking: /home/naysha/erc_ws/install/erc_rover_interfaces/share/erc_rover_interfaces/local_setup.bash
-- Symlinking: /home/naysha/erc_ws/install/erc_rover_interfaces/share/erc_rover_interfaces/local_setup.sh
-- Symlinking: /home/naysha/erc_ws/install/erc_rover_interfaces/share/erc_rover_interfaces/local_setup.zsh
-- Symlinking: /home/naysha/erc_ws/install/erc_rover_interfaces/share/erc_rover_interfaces/local_setup.dsv
-- Symlinking: /home/naysha/erc_ws/install/erc_rover_interfaces/share/erc_rover_interfaces/package.dsv
-- Symlinking: /home/naysha/erc_ws/install/erc_rover_interfaces/share/ament_index/resource_index/packages/erc_rover_interfaces
-- Symlinking: /home/naysha/erc_ws/install/erc_rover_interfaces/share/erc_rover_interfaces/cmake/rosidl_cmake-extras.cmake
-- Symlinking: /home/naysha/erc_ws/install/erc_rover_interfaces/share/erc_rover_interfaces/cmake/ament_cmake_export_dependencies-extras.cmake
-- Symlinking: /home/naysha/erc_ws/install/erc_rover_interfaces/share/erc_rover_interfaces/cmake/ament_cmake_export_include_directories-extras.cmake
-- Symlinking: /home/naysha/erc_ws/install/erc_rover_interfaces/share/erc_rover_interfaces/cmake/ament_cmake_export_libraries-extras.cmake
-- Symlinking: /home/naysha/erc_ws/install/erc_rover_interfaces/share/erc_rover_interfaces/cmake/ament_cmake_export_targets-extras.cmake
-- Symlinking: /home/naysha/erc_ws/install/erc_rover_interfaces/share/erc_rover_interfaces/cmake/rosidl_cmake_export_typesupport_targets-extras.cmake
-- Symlinking: /home/naysha/erc_ws/install/erc_rover_interfaces/share/erc_rover_interfaces/cmake/rosidl_cmake_export_typesupport_libraries-extras.cmake
-- Symlinking: /home/naysha/erc_ws/install/erc_rover_interfaces/share/erc_rover_interfaces/cmake/erc_rover_interfacesConfig.cmake
-- Symlinking: /home/naysha/erc_ws/install/erc_rover_interfaces/share/erc_rover_interfaces/cmake/erc_rover_interfacesConfig-version.cmake
-- Symlinking: /home/naysha/erc_ws/install/erc_rover_interfaces/share/erc_rover_interfaces/package.xml
-- Installing: /home/naysha/erc_ws/install/erc_rover_interfaces/lib/liberc_rover_interfaces__rosidl_generator_c.so
-- Set non-toolchain portion of runtime path of "/home/naysha/erc_ws/install/erc_rover_interfaces/lib/liberc_rover_interfaces__rosidl_generator_c.so" to ""
-- Installing: /home/naysha/erc_ws/install/erc_rover_interfaces/lib/liberc_rover_interfaces__rosidl_typesupport_fastrtps_c.so
-- Set non-toolchain portion of runtime path of "/home/naysha/erc_ws/install/erc_rover_interfaces/lib/liberc_rover_interfaces__rosidl_typesupport_fastrtps_c.so" to ""
-- Installing: /home/naysha/erc_ws/install/erc_rover_interfaces/lib/liberc_rover_interfaces__rosidl_typesupport_introspection_c.so
-- Set non-toolchain portion of runtime path of "/home/naysha/erc_ws/install/erc_rover_interfaces/lib/liberc_rover_interfaces__rosidl_typesupport_introspection_c.so" to ""
-- Installing: /home/naysha/erc_ws/install/erc_rover_interfaces/lib/liberc_rover_interfaces__rosidl_typesupport_c.so
-- Set non-toolchain portion of runtime path of "/home/naysha/erc_ws/install/erc_rover_interfaces/lib/liberc_rover_interfaces__rosidl_typesupport_c.so" to ""
-- Installing: /home/naysha/erc_ws/install/erc_rover_interfaces/lib/liberc_rover_interfaces__rosidl_typesupport_fastrtps_cpp.so
-- Set non-toolchain portion of runtime path of "/home/naysha/erc_ws/install/erc_rover_interfaces/lib/liberc_rover_interfaces__rosidl_typesupport_fastrtps_cpp.so" to ""
-- Installing: /home/naysha/erc_ws/install/erc_rover_interfaces/lib/liberc_rover_interfaces__rosidl_typesupport_introspection_cpp.so
-- Set non-toolchain portion of runtime path of "/home/naysha/erc_ws/install/erc_rover_interfaces/lib/liberc_rover_interfaces__rosidl_typesupport_introspection_cpp.so" to ""
-- Installing: /home/naysha/erc_ws/install/erc_rover_interfaces/lib/liberc_rover_interfaces__rosidl_typesupport_cpp.so
-- Set non-toolchain portion of runtime path of "/home/naysha/erc_ws/install/erc_rover_interfaces/lib/liberc_rover_interfaces__rosidl_typesupport_cpp.so" to ""
Listing '/home/naysha/erc_ws/install/erc_rover_interfaces/lib/python3.12/site-packages/erc_rover_interfaces'...
Compiling '/home/naysha/erc_ws/install/erc_rover_interfaces/lib/python3.12/site-packages/erc_rover_interfaces/__init__.py'...
Listing '/home/naysha/erc_ws/install/erc_rover_interfaces/lib/python3.12/site-packages/erc_rover_interfaces/srv'...
Compiling '/home/naysha/erc_ws/install/erc_rover_interfaces/lib/python3.12/site-packages/erc_rover_interfaces/srv/__init__.py'...
Compiling '/home/naysha/erc_ws/install/erc_rover_interfaces/lib/python3.12/site-packages/erc_rover_interfaces/srv/_get_depth.py'...
Compiling '/home/naysha/erc_ws/install/erc_rover_interfaces/lib/python3.12/site-packages/erc_rover_interfaces/srv/_get_gps.py'...
Compiling '/home/naysha/erc_ws/install/erc_rover_interfaces/lib/python3.12/site-packages/erc_rover_interfaces/srv/_get_yaw.py'...
-- Installing: /home/naysha/erc_ws/install/erc_rover_interfaces/lib/liberc_rover_interfaces__rosidl_generator_py.so
-- Set non-toolchain portion of runtime path of "/home/naysha/erc_ws/install/erc_rover_interfaces/lib/liberc_rover_interfaces__rosidl_generator_py.so" to ""
-- Installing: /home/naysha/erc_ws/install/erc_rover_interfaces/share/erc_rover_interfaces/cmake/export_erc_rover_interfaces__rosidl_generator_cExport.cmake
-- Installing: /home/naysha/erc_ws/install/erc_rover_interfaces/share/erc_rover_interfaces/cmake/export_erc_rover_interfaces__rosidl_generator_cExport-noconfig.cmake
-- Installing: /home/naysha/erc_ws/install/erc_rover_interfaces/share/erc_rover_interfaces/cmake/export_erc_rover_interfaces__rosidl_typesupport_fastrtps_cExport.cmake
-- Installing: /home/naysha/erc_ws/install/erc_rover_interfaces/share/erc_rover_interfaces/cmake/export_erc_rover_interfaces__rosidl_typesupport_fastrtps_cExport-noconfig.cmake
-- Installing: /home/naysha/erc_ws/install/erc_rover_interfaces/share/erc_rover_interfaces/cmake/erc_rover_interfaces__rosidl_typesupport_introspection_cExport.cmake
-- Installing: /home/naysha/erc_ws/install/erc_rover_interfaces/share/erc_rover_interfaces/cmake/erc_rover_interfaces__rosidl_typesupport_introspection_cExport-noconfig.cmake
-- Installing: /home/naysha/erc_ws/install/erc_rover_interfaces/share/erc_rover_interfaces/cmake/erc_rover_interfaces__rosidl_typesupport_cExport.cmake
-- Installing: /home/naysha/erc_ws/install/erc_rover_interfaces/share/erc_rover_interfaces/cmake/erc_rover_interfaces__rosidl_typesupport_cExport-noconfig.cmake
-- Installing: /home/naysha/erc_ws/install/erc_rover_interfaces/share/erc_rover_interfaces/cmake/export_erc_rover_interfaces__rosidl_generator_cppExport.cmake
-- Installing: /home/naysha/erc_ws/install/erc_rover_interfaces/share/erc_rover_interfaces/cmake/export_erc_rover_interfaces__rosidl_typesupport_fastrtps_cppExport.cmake
-- Installing: /home/naysha/erc_ws/install/erc_rover_interfaces/share/erc_rover_interfaces/cmake/export_erc_rover_interfaces__rosidl_typesupport_fastrtps_cppExport-noconfig.cmake
-- Installing: /home/naysha/erc_ws/install/erc_rover_interfaces/share/erc_rover_interfaces/cmake/erc_rover_interfaces__rosidl_typesupport_introspection_cppExport.cmake
-- Installing: /home/naysha/erc_ws/install/erc_rover_interfaces/share/erc_rover_interfaces/cmake/erc_rover_interfaces__rosidl_typesupport_introspection_cppExport-noconfig.cmake
-- Installing: /home/naysha/erc_ws/install/erc_rover_interfaces/share/erc_rover_interfaces/cmake/erc_rover_interfaces__rosidl_typesupport_cppExport.cmake
-- Installing: /home/naysha/erc_ws/install/erc_rover_interfaces/share/erc_rover_interfaces/cmake/erc_rover_interfaces__rosidl_typesupport_cppExport-noconfig.cmake
-- Installing: /home/naysha/erc_ws/install/erc_rover_interfaces/share/erc_rover_interfaces/cmake/export_erc_rover_interfaces__rosidl_generator_pyExport.cmake
-- Installing: /home/naysha/erc_ws/install/erc_rover_interfaces/share/erc_rover_interfaces/cmake/export_erc_rover_interfaces__rosidl_generator_pyExport-noconfig.cmake
