[0.033s] Invoking command in '/home/naysha/erc_ws/build/erc_rover_interfaces': CMAKE_PREFIX_PATH=${CMAKE_PREFIX_PATH}:/home/naysha/ros2_ws/install/final_pipeline:/opt/ros/jazzy DEBUGINFOD_URLS=https://debuginfod.ubuntu.com /usr/bin/cmake /home/naysha/erc_ws/src/erc_rover_interfaces -DAMENT_CMAKE_SYMLINK_INSTALL=1 -DCMAKE_INSTALL_PREFIX=/home/naysha/erc_ws/install/erc_rover_interfaces
[0.138s] -- The C compiler identification is GNU 13.3.0
[0.223s] -- The CXX compiler identification is GNU 13.3.0
[0.247s] -- Detecting C compiler ABI info
[0.389s] -- Detecting C compiler ABI info - done
[0.403s] -- Check for working C compiler: /usr/bin/cc - skipped
[0.404s] -- Detecting C compile features
[0.405s] -- Detecting C compile features - done
[0.422s] -- Detecting CXX compiler ABI info
[0.576s] -- Detecting CXX compiler ABI info - done
[0.591s] -- Check for working CXX compiler: /usr/bin/c++ - skipped
[0.591s] -- Detecting CXX compile features
[0.592s] -- Detecting CXX compile features - done
[0.600s] -- Found ament_cmake: 2.5.4 (/opt/ros/jazzy/share/ament_cmake/cmake)
[0.960s] -- Found Python3: /usr/bin/python3 (found version "3.12.3") found components: Interpreter 
[1.081s] -- Override CMake install command with custom implementation using symlinks instead of copying resources
[1.155s] -- Found rosidl_default_generators: 1.6.0 (/opt/ros/jazzy/share/rosidl_default_generators/cmake)
[1.165s] -- Using all available rosidl_typesupport_c: rosidl_typesupport_fastrtps_c;rosidl_typesupport_introspection_c
[1.244s] -- Using all available rosidl_typesupport_cpp: rosidl_typesupport_fastrtps_cpp;rosidl_typesupport_introspection_cpp
[1.308s] -- Found rosidl_adapter: 4.6.5 (/opt/ros/jazzy/share/rosidl_adapter/cmake)
[2.513s] -- Found ament_cmake_ros: 0.12.0 (/opt/ros/jazzy/share/ament_cmake_ros/cmake)
[3.472s] -- Using all available rosidl_typesupport_c: rosidl_typesupport_fastrtps_c;rosidl_typesupport_introspection_c
[4.676s] -- Using all available rosidl_typesupport_cpp: rosidl_typesupport_fastrtps_cpp;rosidl_typesupport_introspection_cpp
[4.687s] -- Found python_cmake_module: 0.11.1 (/opt/ros/jazzy/share/python_cmake_module/cmake)
[4.994s] -- Found PythonExtra: /usr/bin/python3  
[5.902s] -- Found Python3: /usr/bin/python3 (found version "3.12.3") found components: Interpreter Development NumPy Development.Module Development.Embed 
[5.992s] -- Configuring done (5.9s)
[6.051s] -- Generating done (0.0s)
[6.067s] -- Build files have been written to: /home/naysha/erc_ws/build/erc_rover_interfaces
[6.076s] Invoked command in '/home/naysha/erc_ws/build/erc_rover_interfaces' returned '0': CMAKE_PREFIX_PATH=${CMAKE_PREFIX_PATH}:/home/naysha/ros2_ws/install/final_pipeline:/opt/ros/jazzy DEBUGINFOD_URLS=https://debuginfod.ubuntu.com /usr/bin/cmake /home/naysha/erc_ws/src/erc_rover_interfaces -DAMENT_CMAKE_SYMLINK_INSTALL=1 -DCMAKE_INSTALL_PREFIX=/home/naysha/erc_ws/install/erc_rover_interfaces
[6.076s] Invoking command in '/home/naysha/erc_ws/build/erc_rover_interfaces': CMAKE_PREFIX_PATH=${CMAKE_PREFIX_PATH}:/home/naysha/ros2_ws/install/final_pipeline:/opt/ros/jazzy DEBUGINFOD_URLS=https://debuginfod.ubuntu.com /usr/bin/cmake --build /home/naysha/erc_ws/build/erc_rover_interfaces -- -j12 -l12
[6.165s] [  1%] [34m[1mGenerating type hashes for ROS interfaces[0m
[6.181s] [  1%] Built target ament_cmake_python_symlink_erc_rover_interfaces
[6.457s] running egg_info
[6.458s] creating erc_rover_interfaces.egg-info
[6.463s] [  1%] Built target erc_rover_interfaces__rosidl_generator_type_description
[6.485s] writing erc_rover_interfaces.egg-info/PKG-INFO
[6.486s] [  3%] [34m[1mGenerating C code for ROS interfaces[0m
[6.486s] writing dependency_links to erc_rover_interfaces.egg-info/dependency_links.txt
[6.486s] writing top-level names to erc_rover_interfaces.egg-info/top_level.txt
[6.486s] writing manifest file 'erc_rover_interfaces.egg-info/SOURCES.txt'
[6.506s] [  5%] [34m[1mGenerating C++ code for ROS interfaces[0m
[6.564s] reading manifest file 'erc_rover_interfaces.egg-info/SOURCES.txt'
[6.564s] writing manifest file 'erc_rover_interfaces.egg-info/SOURCES.txt'
[6.601s] [  5%] Built target ament_cmake_python_build_erc_rover_interfaces_egg
[7.000s] [  5%] Built target erc_rover_interfaces__cpp
[7.085s] [  7%] [32mBuilding C object CMakeFiles/erc_rover_interfaces__rosidl_generator_c.dir/rosidl_generator_c/erc_rover_interfaces/srv/detail/get_gps__description.c.o[0m
[7.085s] [  9%] [32mBuilding C object CMakeFiles/erc_rover_interfaces__rosidl_generator_c.dir/rosidl_generator_c/erc_rover_interfaces/srv/detail/get_yaw__functions.c.o[0m
[7.087s] [ 11%] [32mBuilding C object CMakeFiles/erc_rover_interfaces__rosidl_generator_c.dir/rosidl_generator_c/erc_rover_interfaces/srv/detail/get_depth__type_support.c.o[0m
[7.089s] [ 14%] [32mBuilding C object CMakeFiles/erc_rover_interfaces__rosidl_generator_c.dir/rosidl_generator_c/erc_rover_interfaces/srv/detail/get_depth__description.c.o[0m
[7.090s] [ 14%] [32mBuilding C object CMakeFiles/erc_rover_interfaces__rosidl_generator_c.dir/rosidl_generator_c/erc_rover_interfaces/srv/detail/get_depth__functions.c.o[0m
[7.090s] [ 16%] [32mBuilding C object CMakeFiles/erc_rover_interfaces__rosidl_generator_c.dir/rosidl_generator_c/erc_rover_interfaces/srv/detail/get_gps__functions.c.o[0m
[7.091s] [ 18%] [32mBuilding C object CMakeFiles/erc_rover_interfaces__rosidl_generator_c.dir/rosidl_generator_c/erc_rover_interfaces/srv/detail/get_yaw__description.c.o[0m
[7.091s] [ 20%] [32mBuilding C object CMakeFiles/erc_rover_interfaces__rosidl_generator_c.dir/rosidl_generator_c/erc_rover_interfaces/srv/detail/get_gps__type_support.c.o[0m
[7.092s] [ 22%] [32mBuilding C object CMakeFiles/erc_rover_interfaces__rosidl_generator_c.dir/rosidl_generator_c/erc_rover_interfaces/srv/detail/get_yaw__type_support.c.o[0m
[7.274s] [ 24%] [32m[1mLinking C shared library liberc_rover_interfaces__rosidl_generator_c.so[0m
[7.336s] [ 24%] Built target erc_rover_interfaces__rosidl_generator_c
[7.355s] [ 25%] [34m[1mGenerating C++ type support dispatch for ROS interfaces[0m
[7.357s] [ 29%] [34m[1mGenerating C introspection for ROS interfaces[0m
[7.358s] [ 31%] [34m[1mGenerating C++ introspection for ROS interfaces[0m
[7.358s] [ 31%] [34m[1mGenerating C++ type support for eProsima Fast-RTPS[0m
[7.362s] [ 35%] [34m[1mGenerating C type support dispatch for ROS interfaces[0m
[7.363s] [ 35%] [34m[1mGenerating C type support for eProsima Fast-RTPS[0m
[7.767s] [ 38%] [32mBuilding CXX object CMakeFiles/erc_rover_interfaces__rosidl_typesupport_c.dir/rosidl_typesupport_c/erc_rover_interfaces/srv/get_yaw__type_support.cpp.o[0m
[7.767s] [ 38%] [32mBuilding CXX object CMakeFiles/erc_rover_interfaces__rosidl_typesupport_c.dir/rosidl_typesupport_c/erc_rover_interfaces/srv/get_gps__type_support.cpp.o[0m
[7.767s] [ 40%] [32mBuilding CXX object CMakeFiles/erc_rover_interfaces__rosidl_typesupport_c.dir/rosidl_typesupport_c/erc_rover_interfaces/srv/get_depth__type_support.cpp.o[0m
[7.850s] [ 42%] [32m[1mLinking CXX shared library liberc_rover_interfaces__rosidl_typesupport_c.so[0m
[7.875s] [ 44%] [32mBuilding C object CMakeFiles/erc_rover_interfaces__rosidl_typesupport_introspection_c.dir/rosidl_typesupport_introspection_c/erc_rover_interfaces/srv/detail/get_gps__type_support.c.o[0m
[7.877s] [ 46%] [32mBuilding C object CMakeFiles/erc_rover_interfaces__rosidl_typesupport_introspection_c.dir/rosidl_typesupport_introspection_c/erc_rover_interfaces/srv/detail/get_yaw__type_support.c.o[0m
[7.878s] [ 48%] [32mBuilding C object CMakeFiles/erc_rover_interfaces__rosidl_typesupport_introspection_c.dir/rosidl_typesupport_introspection_c/erc_rover_interfaces/srv/detail/get_depth__type_support.c.o[0m
[7.906s] [ 50%] [32mBuilding CXX object CMakeFiles/erc_rover_interfaces__rosidl_typesupport_introspection_cpp.dir/rosidl_typesupport_introspection_cpp/erc_rover_interfaces/srv/detail/get_yaw__type_support.cpp.o[0m
[7.907s] [ 51%] [32mBuilding CXX object CMakeFiles/erc_rover_interfaces__rosidl_typesupport_introspection_cpp.dir/rosidl_typesupport_introspection_cpp/erc_rover_interfaces/srv/detail/get_depth__type_support.cpp.o[0m
[7.907s] [ 53%] [32mBuilding CXX object CMakeFiles/erc_rover_interfaces__rosidl_typesupport_introspection_cpp.dir/rosidl_typesupport_introspection_cpp/erc_rover_interfaces/srv/detail/get_gps__type_support.cpp.o[0m
[7.918s] [ 53%] Built target erc_rover_interfaces__rosidl_typesupport_c
[7.960s] [ 55%] [32m[1mLinking C shared library liberc_rover_interfaces__rosidl_typesupport_introspection_c.so[0m
[7.990s] [ 57%] [32mBuilding CXX object CMakeFiles/erc_rover_interfaces__rosidl_typesupport_cpp.dir/rosidl_typesupport_cpp/erc_rover_interfaces/srv/get_gps__type_support.cpp.o[0m
[7.991s] [ 59%] [32mBuilding CXX object CMakeFiles/erc_rover_interfaces__rosidl_typesupport_cpp.dir/rosidl_typesupport_cpp/erc_rover_interfaces/srv/get_depth__type_support.cpp.o[0m
[7.991s] [ 61%] [32mBuilding CXX object CMakeFiles/erc_rover_interfaces__rosidl_typesupport_cpp.dir/rosidl_typesupport_cpp/erc_rover_interfaces/srv/get_yaw__type_support.cpp.o[0m
[8.009s] [ 62%] [32mBuilding CXX object CMakeFiles/erc_rover_interfaces__rosidl_typesupport_fastrtps_c.dir/rosidl_typesupport_fastrtps_c/erc_rover_interfaces/srv/detail/get_depth__type_support_c.cpp.o[0m
[8.014s] [ 64%] [32mBuilding CXX object CMakeFiles/erc_rover_interfaces__rosidl_typesupport_fastrtps_c.dir/rosidl_typesupport_fastrtps_c/erc_rover_interfaces/srv/detail/get_gps__type_support_c.cpp.o[0m
[8.014s] [ 66%] [32mBuilding CXX object CMakeFiles/erc_rover_interfaces__rosidl_typesupport_fastrtps_c.dir/rosidl_typesupport_fastrtps_c/erc_rover_interfaces/srv/detail/get_yaw__type_support_c.cpp.o[0m
[8.014s] [ 66%] Built target erc_rover_interfaces__rosidl_typesupport_introspection_c
[8.138s] [ 68%] [32mBuilding CXX object CMakeFiles/erc_rover_interfaces__rosidl_typesupport_fastrtps_cpp.dir/rosidl_typesupport_fastrtps_cpp/erc_rover_interfaces/srv/detail/dds_fastrtps/get_yaw__type_support.cpp.o[0m
[8.138s] [ 72%] [32mBuilding CXX object CMakeFiles/erc_rover_interfaces__rosidl_typesupport_fastrtps_cpp.dir/rosidl_typesupport_fastrtps_cpp/erc_rover_interfaces/srv/detail/dds_fastrtps/get_depth__type_support.cpp.o[0m
[8.141s] [ 72%] [32mBuilding CXX object CMakeFiles/erc_rover_interfaces__rosidl_typesupport_fastrtps_cpp.dir/rosidl_typesupport_fastrtps_cpp/erc_rover_interfaces/srv/detail/dds_fastrtps/get_gps__type_support.cpp.o[0m
[8.703s] [ 74%] [32m[1mLinking CXX shared library liberc_rover_interfaces__rosidl_typesupport_introspection_cpp.so[0m
[8.824s] [ 75%] [32m[1mLinking CXX shared library liberc_rover_interfaces__rosidl_typesupport_cpp.so[0m
[8.891s] [ 75%] Built target erc_rover_interfaces__rosidl_typesupport_introspection_cpp
[8.926s] [ 75%] Built target erc_rover_interfaces__rosidl_typesupport_cpp
[9.010s] [ 77%] [32m[1mLinking CXX shared library liberc_rover_interfaces__rosidl_typesupport_fastrtps_c.so[0m
[9.083s] [ 77%] Built target erc_rover_interfaces__rosidl_typesupport_fastrtps_c
[9.225s] [ 79%] [32m[1mLinking CXX shared library liberc_rover_interfaces__rosidl_typesupport_fastrtps_cpp.so[0m
[9.324s] [ 79%] Built target erc_rover_interfaces__rosidl_typesupport_fastrtps_cpp
[9.360s] [ 79%] Built target erc_rover_interfaces
[9.392s] [ 81%] [34m[1mGenerating Python code for ROS interfaces[0m
[10.131s] [ 81%] Built target erc_rover_interfaces__py
[10.169s] [ 83%] [32mBuilding C object CMakeFiles/erc_rover_interfaces__rosidl_generator_py.dir/rosidl_generator_py/erc_rover_interfaces/srv/_get_yaw_s.c.o[0m
[10.169s] [ 85%] [32mBuilding C object CMakeFiles/erc_rover_interfaces__rosidl_generator_py.dir/rosidl_generator_py/erc_rover_interfaces/srv/_get_depth_s.c.o[0m
[10.170s] [ 87%] [32mBuilding C object CMakeFiles/erc_rover_interfaces__rosidl_generator_py.dir/rosidl_generator_py/erc_rover_interfaces/srv/_get_gps_s.c.o[0m
[10.390s] [ 88%] [32m[1mLinking C shared library liberc_rover_interfaces__rosidl_generator_py.so[0m
[10.453s] [ 88%] Built target erc_rover_interfaces__rosidl_generator_py
[10.491s] [ 90%] [32mBuilding C object CMakeFiles/erc_rover_interfaces_s__rosidl_typesupport_c.dir/rosidl_generator_py/erc_rover_interfaces/_erc_rover_interfaces_s.ep.rosidl_typesupport_c.c.o[0m
[10.494s] [ 92%] [32mBuilding C object CMakeFiles/erc_rover_interfaces_s__rosidl_typesupport_fastrtps_c.dir/rosidl_generator_py/erc_rover_interfaces/_erc_rover_interfaces_s.ep.rosidl_typesupport_fastrtps_c.c.o[0m
[10.495s] [ 94%] [32mBuilding C object CMakeFiles/erc_rover_interfaces_s__rosidl_typesupport_introspection_c.dir/rosidl_generator_py/erc_rover_interfaces/_erc_rover_interfaces_s.ep.rosidl_typesupport_introspection_c.c.o[0m
[10.649s] [ 96%] [32m[1mLinking C shared module rosidl_generator_py/erc_rover_interfaces/erc_rover_interfaces_s__rosidl_typesupport_c.so[0m
[10.651s] [ 98%] [32m[1mLinking C shared module rosidl_generator_py/erc_rover_interfaces/erc_rover_interfaces_s__rosidl_typesupport_fastrtps_c.so[0m
[10.651s] [100%] [32m[1mLinking C shared module rosidl_generator_py/erc_rover_interfaces/erc_rover_interfaces_s__rosidl_typesupport_introspection_c.so[0m
[10.687s] [100%] Built target erc_rover_interfaces_s__rosidl_typesupport_fastrtps_c
[10.688s] [100%] Built target erc_rover_interfaces_s__rosidl_typesupport_introspection_c
[10.690s] [100%] Built target erc_rover_interfaces_s__rosidl_typesupport_c
[10.704s] Invoked command in '/home/naysha/erc_ws/build/erc_rover_interfaces' returned '0': CMAKE_PREFIX_PATH=${CMAKE_PREFIX_PATH}:/home/naysha/ros2_ws/install/final_pipeline:/opt/ros/jazzy DEBUGINFOD_URLS=https://debuginfod.ubuntu.com /usr/bin/cmake --build /home/naysha/erc_ws/build/erc_rover_interfaces -- -j12 -l12
[10.720s] Invoking command in '/home/naysha/erc_ws/build/erc_rover_interfaces': CMAKE_PREFIX_PATH=${CMAKE_PREFIX_PATH}:/home/naysha/ros2_ws/install/final_pipeline:/opt/ros/jazzy DEBUGINFOD_URLS=https://debuginfod.ubuntu.com /usr/bin/cmake --install /home/naysha/erc_ws/build/erc_rover_interfaces
[10.732s] -- Install configuration: ""
[10.733s] -- Execute custom install script
[10.734s] -- Symlinking: /home/naysha/erc_ws/install/erc_rover_interfaces/share/ament_index/resource_index/rosidl_interfaces/erc_rover_interfaces
[10.748s] -- Symlinking: /home/naysha/erc_ws/install/erc_rover_interfaces/share/erc_rover_interfaces/srv/GetDepth.json
[10.762s] -- Symlinking: /home/naysha/erc_ws/install/erc_rover_interfaces/share/erc_rover_interfaces/srv/GetGPS.json
[10.775s] -- Symlinking: /home/naysha/erc_ws/install/erc_rover_interfaces/share/erc_rover_interfaces/srv/GetYaw.json
[10.789s] -- Symlinking: /home/naysha/erc_ws/install/erc_rover_interfaces/include/erc_rover_interfaces/erc_rover_interfaces/msg/rosidl_generator_c__visibility_control.h
[10.802s] -- Symlinking: /home/naysha/erc_ws/install/erc_rover_interfaces/include/erc_rover_interfaces/erc_rover_interfaces/srv/detail/get_depth__functions.h
[10.815s] -- Symlinking: /home/naysha/erc_ws/install/erc_rover_interfaces/include/erc_rover_interfaces/erc_rover_interfaces/srv/detail/get_depth__struct.h
[10.827s] -- Symlinking: /home/naysha/erc_ws/install/erc_rover_interfaces/include/erc_rover_interfaces/erc_rover_interfaces/srv/detail/get_depth__type_support.h
[10.839s] -- Symlinking: /home/naysha/erc_ws/install/erc_rover_interfaces/include/erc_rover_interfaces/erc_rover_interfaces/srv/detail/get_gps__functions.h
[10.850s] -- Symlinking: /home/naysha/erc_ws/install/erc_rover_interfaces/include/erc_rover_interfaces/erc_rover_interfaces/srv/detail/get_gps__struct.h
[10.861s] -- Symlinking: /home/naysha/erc_ws/install/erc_rover_interfaces/include/erc_rover_interfaces/erc_rover_interfaces/srv/detail/get_gps__type_support.h
[10.872s] -- Symlinking: /home/naysha/erc_ws/install/erc_rover_interfaces/include/erc_rover_interfaces/erc_rover_interfaces/srv/detail/get_yaw__functions.h
[10.886s] -- Symlinking: /home/naysha/erc_ws/install/erc_rover_interfaces/include/erc_rover_interfaces/erc_rover_interfaces/srv/detail/get_yaw__struct.h
[10.899s] -- Symlinking: /home/naysha/erc_ws/install/erc_rover_interfaces/include/erc_rover_interfaces/erc_rover_interfaces/srv/detail/get_yaw__type_support.h
[10.912s] -- Symlinking: /home/naysha/erc_ws/install/erc_rover_interfaces/include/erc_rover_interfaces/erc_rover_interfaces/srv/get_depth.h
[10.926s] -- Symlinking: /home/naysha/erc_ws/install/erc_rover_interfaces/include/erc_rover_interfaces/erc_rover_interfaces/srv/get_gps.h
[10.941s] -- Symlinking: /home/naysha/erc_ws/install/erc_rover_interfaces/include/erc_rover_interfaces/erc_rover_interfaces/srv/get_yaw.h
[10.957s] -- Symlinking: /home/naysha/erc_ws/install/erc_rover_interfaces/share/erc_rover_interfaces/environment/library_path.sh
[10.973s] -- Symlinking: /home/naysha/erc_ws/install/erc_rover_interfaces/share/erc_rover_interfaces/environment/library_path.dsv
[10.986s] -- Symlinking: /home/naysha/erc_ws/install/erc_rover_interfaces/include/erc_rover_interfaces/erc_rover_interfaces/msg/rosidl_typesupport_fastrtps_c__visibility_control.h
[10.999s] -- Symlinking: /home/naysha/erc_ws/install/erc_rover_interfaces/include/erc_rover_interfaces/erc_rover_interfaces/srv/detail/get_depth__rosidl_typesupport_fastrtps_c.h
[11.012s] -- Symlinking: /home/naysha/erc_ws/install/erc_rover_interfaces/include/erc_rover_interfaces/erc_rover_interfaces/srv/detail/get_gps__rosidl_typesupport_fastrtps_c.h
[11.027s] -- Symlinking: /home/naysha/erc_ws/install/erc_rover_interfaces/include/erc_rover_interfaces/erc_rover_interfaces/srv/detail/get_yaw__rosidl_typesupport_fastrtps_c.h
[11.041s] -- Symlinking: /home/naysha/erc_ws/install/erc_rover_interfaces/include/erc_rover_interfaces/erc_rover_interfaces/msg/rosidl_typesupport_introspection_c__visibility_control.h
[11.055s] -- Symlinking: /home/naysha/erc_ws/install/erc_rover_interfaces/include/erc_rover_interfaces/erc_rover_interfaces/srv/detail/get_depth__rosidl_typesupport_introspection_c.h
[11.068s] -- Symlinking: /home/naysha/erc_ws/install/erc_rover_interfaces/include/erc_rover_interfaces/erc_rover_interfaces/srv/detail/get_gps__rosidl_typesupport_introspection_c.h
[11.081s] -- Symlinking: /home/naysha/erc_ws/install/erc_rover_interfaces/include/erc_rover_interfaces/erc_rover_interfaces/srv/detail/get_yaw__rosidl_typesupport_introspection_c.h
[11.097s] -- Symlinking: /home/naysha/erc_ws/install/erc_rover_interfaces/include/erc_rover_interfaces/erc_rover_interfaces/msg/rosidl_generator_cpp__visibility_control.hpp
[11.110s] -- Symlinking: /home/naysha/erc_ws/install/erc_rover_interfaces/include/erc_rover_interfaces/erc_rover_interfaces/srv/detail/get_depth__builder.hpp
[11.124s] -- Symlinking: /home/naysha/erc_ws/install/erc_rover_interfaces/include/erc_rover_interfaces/erc_rover_interfaces/srv/detail/get_depth__struct.hpp
[11.137s] -- Symlinking: /home/naysha/erc_ws/install/erc_rover_interfaces/include/erc_rover_interfaces/erc_rover_interfaces/srv/detail/get_depth__traits.hpp
[11.154s] -- Symlinking: /home/naysha/erc_ws/install/erc_rover_interfaces/include/erc_rover_interfaces/erc_rover_interfaces/srv/detail/get_depth__type_support.hpp
[11.167s] -- Symlinking: /home/naysha/erc_ws/install/erc_rover_interfaces/include/erc_rover_interfaces/erc_rover_interfaces/srv/detail/get_gps__builder.hpp
[11.182s] -- Symlinking: /home/naysha/erc_ws/install/erc_rover_interfaces/include/erc_rover_interfaces/erc_rover_interfaces/srv/detail/get_gps__struct.hpp
[11.196s] -- Symlinking: /home/naysha/erc_ws/install/erc_rover_interfaces/include/erc_rover_interfaces/erc_rover_interfaces/srv/detail/get_gps__traits.hpp
[11.210s] -- Symlinking: /home/naysha/erc_ws/install/erc_rover_interfaces/include/erc_rover_interfaces/erc_rover_interfaces/srv/detail/get_gps__type_support.hpp
[11.224s] -- Symlinking: /home/naysha/erc_ws/install/erc_rover_interfaces/include/erc_rover_interfaces/erc_rover_interfaces/srv/detail/get_yaw__builder.hpp
[11.238s] -- Symlinking: /home/naysha/erc_ws/install/erc_rover_interfaces/include/erc_rover_interfaces/erc_rover_interfaces/srv/detail/get_yaw__struct.hpp
[11.252s] -- Symlinking: /home/naysha/erc_ws/install/erc_rover_interfaces/include/erc_rover_interfaces/erc_rover_interfaces/srv/detail/get_yaw__traits.hpp
[11.265s] -- Symlinking: /home/naysha/erc_ws/install/erc_rover_interfaces/include/erc_rover_interfaces/erc_rover_interfaces/srv/detail/get_yaw__type_support.hpp
[11.279s] -- Symlinking: /home/naysha/erc_ws/install/erc_rover_interfaces/include/erc_rover_interfaces/erc_rover_interfaces/srv/get_depth.hpp
[11.293s] -- Symlinking: /home/naysha/erc_ws/install/erc_rover_interfaces/include/erc_rover_interfaces/erc_rover_interfaces/srv/get_gps.hpp
[11.306s] -- Symlinking: /home/naysha/erc_ws/install/erc_rover_interfaces/include/erc_rover_interfaces/erc_rover_interfaces/srv/get_yaw.hpp
[11.319s] -- Symlinking: /home/naysha/erc_ws/install/erc_rover_interfaces/include/erc_rover_interfaces/erc_rover_interfaces/msg/rosidl_typesupport_fastrtps_cpp__visibility_control.h
[11.332s] -- Symlinking: /home/naysha/erc_ws/install/erc_rover_interfaces/include/erc_rover_interfaces/erc_rover_interfaces/srv/detail/get_depth__rosidl_typesupport_fastrtps_cpp.hpp
[11.349s] -- Symlinking: /home/naysha/erc_ws/install/erc_rover_interfaces/include/erc_rover_interfaces/erc_rover_interfaces/srv/detail/get_gps__rosidl_typesupport_fastrtps_cpp.hpp
[11.363s] -- Symlinking: /home/naysha/erc_ws/install/erc_rover_interfaces/include/erc_rover_interfaces/erc_rover_interfaces/srv/detail/get_yaw__rosidl_typesupport_fastrtps_cpp.hpp
[11.377s] -- Symlinking: /home/naysha/erc_ws/install/erc_rover_interfaces/include/erc_rover_interfaces/erc_rover_interfaces/srv/detail/get_depth__rosidl_typesupport_introspection_cpp.hpp
[11.390s] -- Symlinking: /home/naysha/erc_ws/install/erc_rover_interfaces/include/erc_rover_interfaces/erc_rover_interfaces/srv/detail/get_gps__rosidl_typesupport_introspection_cpp.hpp
[11.403s] -- Symlinking: /home/naysha/erc_ws/install/erc_rover_interfaces/include/erc_rover_interfaces/erc_rover_interfaces/srv/detail/get_yaw__rosidl_typesupport_introspection_cpp.hpp
[11.416s] -- Symlinking: /home/naysha/erc_ws/install/erc_rover_interfaces/share/erc_rover_interfaces/environment/pythonpath.sh
[11.428s] -- Symlinking: /home/naysha/erc_ws/install/erc_rover_interfaces/share/erc_rover_interfaces/environment/pythonpath.dsv
[11.444s] -- Symlinking: /home/naysha/erc_ws/install/erc_rover_interfaces/lib/python3.12/site-packages/erc_rover_interfaces-0.0.0-py3.12.egg-info/PKG-INFO
[11.457s] -- Symlinking: /home/naysha/erc_ws/install/erc_rover_interfaces/lib/python3.12/site-packages/erc_rover_interfaces-0.0.0-py3.12.egg-info/SOURCES.txt
[11.472s] -- Symlinking: /home/naysha/erc_ws/install/erc_rover_interfaces/lib/python3.12/site-packages/erc_rover_interfaces-0.0.0-py3.12.egg-info/dependency_links.txt
[11.486s] -- Symlinking: /home/naysha/erc_ws/install/erc_rover_interfaces/lib/python3.12/site-packages/erc_rover_interfaces-0.0.0-py3.12.egg-info/top_level.txt
[11.500s] -- Symlinking: /home/naysha/erc_ws/install/erc_rover_interfaces/lib/python3.12/site-packages/erc_rover_interfaces/__init__.py
[11.512s] -- Symlinking: /home/naysha/erc_ws/install/erc_rover_interfaces/lib/python3.12/site-packages/erc_rover_interfaces/_erc_rover_interfaces_s.ep.rosidl_typesupport_c.c
[11.525s] -- Symlinking: /home/naysha/erc_ws/install/erc_rover_interfaces/lib/python3.12/site-packages/erc_rover_interfaces/_erc_rover_interfaces_s.ep.rosidl_typesupport_fastrtps_c.c
[11.539s] -- Symlinking: /home/naysha/erc_ws/install/erc_rover_interfaces/lib/python3.12/site-packages/erc_rover_interfaces/_erc_rover_interfaces_s.ep.rosidl_typesupport_introspection_c.c
[11.553s] -- Symlinking: /home/naysha/erc_ws/install/erc_rover_interfaces/lib/python3.12/site-packages/erc_rover_interfaces/erc_rover_interfaces_s__rosidl_typesupport_c.so
[11.566s] -- Symlinking: /home/naysha/erc_ws/install/erc_rover_interfaces/lib/python3.12/site-packages/erc_rover_interfaces/erc_rover_interfaces_s__rosidl_typesupport_fastrtps_c.so
[11.579s] -- Symlinking: /home/naysha/erc_ws/install/erc_rover_interfaces/lib/python3.12/site-packages/erc_rover_interfaces/erc_rover_interfaces_s__rosidl_typesupport_introspection_c.so
[11.592s] -- Symlinking: /home/naysha/erc_ws/install/erc_rover_interfaces/lib/python3.12/site-packages/erc_rover_interfaces/srv/__init__.py
[11.605s] -- Symlinking: /home/naysha/erc_ws/install/erc_rover_interfaces/lib/python3.12/site-packages/erc_rover_interfaces/srv/_get_depth.py
[11.617s] -- Symlinking: /home/naysha/erc_ws/install/erc_rover_interfaces/lib/python3.12/site-packages/erc_rover_interfaces/srv/_get_depth_s.c
[11.630s] -- Symlinking: /home/naysha/erc_ws/install/erc_rover_interfaces/lib/python3.12/site-packages/erc_rover_interfaces/srv/_get_gps.py
[11.644s] -- Symlinking: /home/naysha/erc_ws/install/erc_rover_interfaces/lib/python3.12/site-packages/erc_rover_interfaces/srv/_get_gps_s.c
[11.660s] -- Symlinking: /home/naysha/erc_ws/install/erc_rover_interfaces/lib/python3.12/site-packages/erc_rover_interfaces/srv/_get_yaw.py
[11.672s] -- Symlinking: /home/naysha/erc_ws/install/erc_rover_interfaces/lib/python3.12/site-packages/erc_rover_interfaces/srv/_get_yaw_s.c
[11.686s] -- Up-to-date symlink: /home/naysha/erc_ws/install/erc_rover_interfaces/lib/python3.12/site-packages/erc_rover_interfaces/erc_rover_interfaces_s__rosidl_typesupport_fastrtps_c.so
[11.687s] -- Up-to-date symlink: /home/naysha/erc_ws/install/erc_rover_interfaces/lib/python3.12/site-packages/erc_rover_interfaces/erc_rover_interfaces_s__rosidl_typesupport_introspection_c.so
[11.687s] -- Up-to-date symlink: /home/naysha/erc_ws/install/erc_rover_interfaces/lib/python3.12/site-packages/erc_rover_interfaces/erc_rover_interfaces_s__rosidl_typesupport_c.so
[11.687s] -- Symlinking: /home/naysha/erc_ws/install/erc_rover_interfaces/share/erc_rover_interfaces/srv/GetDepth.idl
[11.711s] -- Symlinking: /home/naysha/erc_ws/install/erc_rover_interfaces/share/erc_rover_interfaces/srv/GetGPS.idl
[11.735s] -- Symlinking: /home/naysha/erc_ws/install/erc_rover_interfaces/share/erc_rover_interfaces/srv/GetYaw.idl
[11.761s] -- Symlinking: /home/naysha/erc_ws/install/erc_rover_interfaces/share/erc_rover_interfaces/srv/GetDepth.srv
[11.786s] -- Symlinking: /home/naysha/erc_ws/install/erc_rover_interfaces/share/erc_rover_interfaces/srv/GetGPS.srv
[11.807s] -- Symlinking: /home/naysha/erc_ws/install/erc_rover_interfaces/share/erc_rover_interfaces/srv/GetYaw.srv
[11.823s] -- Symlinking: /home/naysha/erc_ws/install/erc_rover_interfaces/share/ament_index/resource_index/package_run_dependencies/erc_rover_interfaces
[11.837s] -- Symlinking: /home/naysha/erc_ws/install/erc_rover_interfaces/share/ament_index/resource_index/parent_prefix_path/erc_rover_interfaces
[11.854s] -- Symlinking: /home/naysha/erc_ws/install/erc_rover_interfaces/share/erc_rover_interfaces/environment/ament_prefix_path.sh
[11.868s] -- Symlinking: /home/naysha/erc_ws/install/erc_rover_interfaces/share/erc_rover_interfaces/environment/ament_prefix_path.dsv
[11.881s] -- Symlinking: /home/naysha/erc_ws/install/erc_rover_interfaces/share/erc_rover_interfaces/environment/path.sh
[11.894s] -- Symlinking: /home/naysha/erc_ws/install/erc_rover_interfaces/share/erc_rover_interfaces/environment/path.dsv
[11.907s] -- Symlinking: /home/naysha/erc_ws/install/erc_rover_interfaces/share/erc_rover_interfaces/local_setup.bash
[11.919s] -- Symlinking: /home/naysha/erc_ws/install/erc_rover_interfaces/share/erc_rover_interfaces/local_setup.sh
[11.929s] -- Symlinking: /home/naysha/erc_ws/install/erc_rover_interfaces/share/erc_rover_interfaces/local_setup.zsh
[11.940s] -- Symlinking: /home/naysha/erc_ws/install/erc_rover_interfaces/share/erc_rover_interfaces/local_setup.dsv
[11.951s] -- Symlinking: /home/naysha/erc_ws/install/erc_rover_interfaces/share/erc_rover_interfaces/package.dsv
[11.965s] -- Symlinking: /home/naysha/erc_ws/install/erc_rover_interfaces/share/ament_index/resource_index/packages/erc_rover_interfaces
[11.980s] -- Symlinking: /home/naysha/erc_ws/install/erc_rover_interfaces/share/erc_rover_interfaces/cmake/rosidl_cmake-extras.cmake
[11.993s] -- Symlinking: /home/naysha/erc_ws/install/erc_rover_interfaces/share/erc_rover_interfaces/cmake/ament_cmake_export_dependencies-extras.cmake
[12.006s] -- Symlinking: /home/naysha/erc_ws/install/erc_rover_interfaces/share/erc_rover_interfaces/cmake/ament_cmake_export_include_directories-extras.cmake
[12.019s] -- Symlinking: /home/naysha/erc_ws/install/erc_rover_interfaces/share/erc_rover_interfaces/cmake/ament_cmake_export_libraries-extras.cmake
[12.033s] -- Symlinking: /home/naysha/erc_ws/install/erc_rover_interfaces/share/erc_rover_interfaces/cmake/ament_cmake_export_targets-extras.cmake
[12.050s] -- Symlinking: /home/naysha/erc_ws/install/erc_rover_interfaces/share/erc_rover_interfaces/cmake/rosidl_cmake_export_typesupport_targets-extras.cmake
[12.065s] -- Symlinking: /home/naysha/erc_ws/install/erc_rover_interfaces/share/erc_rover_interfaces/cmake/rosidl_cmake_export_typesupport_libraries-extras.cmake
[12.081s] -- Symlinking: /home/naysha/erc_ws/install/erc_rover_interfaces/share/erc_rover_interfaces/cmake/erc_rover_interfacesConfig.cmake
[12.095s] -- Symlinking: /home/naysha/erc_ws/install/erc_rover_interfaces/share/erc_rover_interfaces/cmake/erc_rover_interfacesConfig-version.cmake
[12.108s] -- Symlinking: /home/naysha/erc_ws/install/erc_rover_interfaces/share/erc_rover_interfaces/package.xml
[12.120s] -- Installing: /home/naysha/erc_ws/install/erc_rover_interfaces/lib/liberc_rover_interfaces__rosidl_generator_c.so
[12.121s] -- Set non-toolchain portion of runtime path of "/home/naysha/erc_ws/install/erc_rover_interfaces/lib/liberc_rover_interfaces__rosidl_generator_c.so" to ""
[12.121s] -- Installing: /home/naysha/erc_ws/install/erc_rover_interfaces/lib/liberc_rover_interfaces__rosidl_typesupport_fastrtps_c.so
[12.121s] -- Set non-toolchain portion of runtime path of "/home/naysha/erc_ws/install/erc_rover_interfaces/lib/liberc_rover_interfaces__rosidl_typesupport_fastrtps_c.so" to ""
[12.121s] -- Installing: /home/naysha/erc_ws/install/erc_rover_interfaces/lib/liberc_rover_interfaces__rosidl_typesupport_introspection_c.so
[12.122s] -- Set non-toolchain portion of runtime path of "/home/naysha/erc_ws/install/erc_rover_interfaces/lib/liberc_rover_interfaces__rosidl_typesupport_introspection_c.so" to ""
[12.122s] -- Installing: /home/naysha/erc_ws/install/erc_rover_interfaces/lib/liberc_rover_interfaces__rosidl_typesupport_c.so
[12.122s] -- Set non-toolchain portion of runtime path of "/home/naysha/erc_ws/install/erc_rover_interfaces/lib/liberc_rover_interfaces__rosidl_typesupport_c.so" to ""
[12.122s] -- Installing: /home/naysha/erc_ws/install/erc_rover_interfaces/lib/liberc_rover_interfaces__rosidl_typesupport_fastrtps_cpp.so
[12.123s] -- Set non-toolchain portion of runtime path of "/home/naysha/erc_ws/install/erc_rover_interfaces/lib/liberc_rover_interfaces__rosidl_typesupport_fastrtps_cpp.so" to ""
[12.123s] -- Installing: /home/naysha/erc_ws/install/erc_rover_interfaces/lib/liberc_rover_interfaces__rosidl_typesupport_introspection_cpp.so
[12.123s] -- Set non-toolchain portion of runtime path of "/home/naysha/erc_ws/install/erc_rover_interfaces/lib/liberc_rover_interfaces__rosidl_typesupport_introspection_cpp.so" to ""
[12.124s] -- Installing: /home/naysha/erc_ws/install/erc_rover_interfaces/lib/liberc_rover_interfaces__rosidl_typesupport_cpp.so
[12.124s] -- Set non-toolchain portion of runtime path of "/home/naysha/erc_ws/install/erc_rover_interfaces/lib/liberc_rover_interfaces__rosidl_typesupport_cpp.so" to ""
[12.208s] Listing '/home/naysha/erc_ws/install/erc_rover_interfaces/lib/python3.12/site-packages/erc_rover_interfaces'...
[12.208s] Compiling '/home/naysha/erc_ws/install/erc_rover_interfaces/lib/python3.12/site-packages/erc_rover_interfaces/__init__.py'...
[12.208s] Listing '/home/naysha/erc_ws/install/erc_rover_interfaces/lib/python3.12/site-packages/erc_rover_interfaces/srv'...
[12.208s] Compiling '/home/naysha/erc_ws/install/erc_rover_interfaces/lib/python3.12/site-packages/erc_rover_interfaces/srv/__init__.py'...
[12.208s] Compiling '/home/naysha/erc_ws/install/erc_rover_interfaces/lib/python3.12/site-packages/erc_rover_interfaces/srv/_get_depth.py'...
[12.209s] Compiling '/home/naysha/erc_ws/install/erc_rover_interfaces/lib/python3.12/site-packages/erc_rover_interfaces/srv/_get_gps.py'...
[12.209s] Compiling '/home/naysha/erc_ws/install/erc_rover_interfaces/lib/python3.12/site-packages/erc_rover_interfaces/srv/_get_yaw.py'...
[12.216s] -- Installing: /home/naysha/erc_ws/install/erc_rover_interfaces/lib/liberc_rover_interfaces__rosidl_generator_py.so
[12.217s] -- Set non-toolchain portion of runtime path of "/home/naysha/erc_ws/install/erc_rover_interfaces/lib/liberc_rover_interfaces__rosidl_generator_py.so" to ""
[12.217s] -- Installing: /home/naysha/erc_ws/install/erc_rover_interfaces/share/erc_rover_interfaces/cmake/export_erc_rover_interfaces__rosidl_generator_cExport.cmake
[12.217s] -- Installing: /home/naysha/erc_ws/install/erc_rover_interfaces/share/erc_rover_interfaces/cmake/export_erc_rover_interfaces__rosidl_generator_cExport-noconfig.cmake
[12.217s] -- Installing: /home/naysha/erc_ws/install/erc_rover_interfaces/share/erc_rover_interfaces/cmake/export_erc_rover_interfaces__rosidl_typesupport_fastrtps_cExport.cmake
[12.217s] -- Installing: /home/naysha/erc_ws/install/erc_rover_interfaces/share/erc_rover_interfaces/cmake/export_erc_rover_interfaces__rosidl_typesupport_fastrtps_cExport-noconfig.cmake
[12.217s] -- Installing: /home/naysha/erc_ws/install/erc_rover_interfaces/share/erc_rover_interfaces/cmake/erc_rover_interfaces__rosidl_typesupport_introspection_cExport.cmake
[12.217s] -- Installing: /home/naysha/erc_ws/install/erc_rover_interfaces/share/erc_rover_interfaces/cmake/erc_rover_interfaces__rosidl_typesupport_introspection_cExport-noconfig.cmake
[12.217s] -- Installing: /home/naysha/erc_ws/install/erc_rover_interfaces/share/erc_rover_interfaces/cmake/erc_rover_interfaces__rosidl_typesupport_cExport.cmake
[12.218s] -- Installing: /home/naysha/erc_ws/install/erc_rover_interfaces/share/erc_rover_interfaces/cmake/erc_rover_interfaces__rosidl_typesupport_cExport-noconfig.cmake
[12.218s] -- Installing: /home/naysha/erc_ws/install/erc_rover_interfaces/share/erc_rover_interfaces/cmake/export_erc_rover_interfaces__rosidl_generator_cppExport.cmake
[12.218s] -- Installing: /home/naysha/erc_ws/install/erc_rover_interfaces/share/erc_rover_interfaces/cmake/export_erc_rover_interfaces__rosidl_typesupport_fastrtps_cppExport.cmake
[12.218s] -- Installing: /home/naysha/erc_ws/install/erc_rover_interfaces/share/erc_rover_interfaces/cmake/export_erc_rover_interfaces__rosidl_typesupport_fastrtps_cppExport-noconfig.cmake
[12.218s] -- Installing: /home/naysha/erc_ws/install/erc_rover_interfaces/share/erc_rover_interfaces/cmake/erc_rover_interfaces__rosidl_typesupport_introspection_cppExport.cmake
[12.218s] -- Installing: /home/naysha/erc_ws/install/erc_rover_interfaces/share/erc_rover_interfaces/cmake/erc_rover_interfaces__rosidl_typesupport_introspection_cppExport-noconfig.cmake
[12.218s] -- Installing: /home/naysha/erc_ws/install/erc_rover_interfaces/share/erc_rover_interfaces/cmake/erc_rover_interfaces__rosidl_typesupport_cppExport.cmake
[12.218s] -- Installing: /home/naysha/erc_ws/install/erc_rover_interfaces/share/erc_rover_interfaces/cmake/erc_rover_interfaces__rosidl_typesupport_cppExport-noconfig.cmake
[12.218s] -- Installing: /home/naysha/erc_ws/install/erc_rover_interfaces/share/erc_rover_interfaces/cmake/export_erc_rover_interfaces__rosidl_generator_pyExport.cmake
[12.218s] -- Installing: /home/naysha/erc_ws/install/erc_rover_interfaces/share/erc_rover_interfaces/cmake/export_erc_rover_interfaces__rosidl_generator_pyExport-noconfig.cmake
[12.221s] Invoked command in '/home/naysha/erc_ws/build/erc_rover_interfaces' returned '0': CMAKE_PREFIX_PATH=${CMAKE_PREFIX_PATH}:/home/naysha/ros2_ws/install/final_pipeline:/opt/ros/jazzy DEBUGINFOD_URLS=https://debuginfod.ubuntu.com /usr/bin/cmake --install /home/naysha/erc_ws/build/erc_rover_interfaces
