running develop
running egg_info
creating erc_rover.egg-info
writing erc_rover.egg-info/PKG-INFO
writing dependency_links to erc_rover.egg-info/dependency_links.txt
writing entry points to erc_rover.egg-info/entry_points.txt
writing requirements to erc_rover.egg-info/requires.txt
writing top-level names to erc_rover.egg-info/top_level.txt
writing manifest file 'erc_rover.egg-info/SOURCES.txt'
reading manifest file 'erc_rover.egg-info/SOURCES.txt'
writing manifest file 'erc_rover.egg-info/SOURCES.txt'
running build_ext
Creating /home/naysha/erc_ws/install/erc_rover/lib/python3.12/site-packages/erc-rover.egg-link (link to .)
Installing camera script to /home/naysha/erc_ws/install/erc_rover/lib/erc_rover
Installing img_segmentation script to /home/naysha/erc_ws/install/erc_rover/lib/erc_rover
Installing pipeline_node script to /home/naysha/erc_ws/install/erc_rover/lib/erc_rover
Installing position script to /home/naysha/erc_ws/install/erc_rover/lib/erc_rover

Installed /home/naysha/erc_ws/build/erc_rover
running symlink_data
symbolically linking /home/naysha/erc_ws/build/erc_rover/package.xml -> /home/naysha/erc_ws/install/erc_rover/share/erc_rover
creating /home/naysha/erc_ws/install/erc_rover/share/erc_rover/launch
