[0.551s] Invoking command in '/home/naysha/erc_ws/build/erc_rover': DEBUGINFOD_URLS=https://debuginfod.ubuntu.com PYTHONPATH=/home/naysha/erc_ws/build/erc_rover/prefix_override:/usr/lib/python3/dist-packages/colcon_core/task/python/colcon_distutils_commands:/home/naysha/erc_ws/install/erc_rover/lib/python3.12/site-packages:/home/naysha/erc_ws/install/erc_rover_interfaces/lib/python3.12/site-packages:/home/naysha/erc_ws/build/erc_rover:/home/naysha/erc_ws/install/erc_rover/lib/python3.12/site-packages:/home/naysha/ros2_ws/install/final_pipeline/lib/python3.12/site-packages:/home/naysha/ros2_ws/install/final_pipeline_interfaces/lib/python3.12/site-packages:/opt/ros/jazzy/lib/python3.12/site-packages:/home/naysha/erc_ws /usr/bin/python3 -W ignore:setup.py install is deprecated -W ignore:easy_install command is deprecated setup.py develop --editable --build-directory /home/naysha/erc_ws/build/erc_rover/build --no-deps symlink_data
[0.770s] running develop
[0.898s] running egg_info
[0.910s] writing erc_rover.egg-info/PKG-INFO
[0.910s] writing dependency_links to erc_rover.egg-info/dependency_links.txt
[0.910s] writing entry points to erc_rover.egg-info/entry_points.txt
[0.910s] writing requirements to erc_rover.egg-info/requires.txt
[0.910s] writing top-level names to erc_rover.egg-info/top_level.txt
[0.935s] reading manifest file 'erc_rover.egg-info/SOURCES.txt'
[0.936s] writing manifest file 'erc_rover.egg-info/SOURCES.txt'
[0.948s] running build_ext
[0.949s] Creating /home/naysha/erc_ws/install/erc_rover/lib/python3.12/site-packages/erc-rover.egg-link (link to .)
[0.949s] Installing camera script to /home/naysha/erc_ws/install/erc_rover/lib/erc_rover
[0.949s] Installing img_segmentation script to /home/naysha/erc_ws/install/erc_rover/lib/erc_rover
[0.949s] Installing pipeline_node script to /home/naysha/erc_ws/install/erc_rover/lib/erc_rover
[0.949s] Installing position script to /home/naysha/erc_ws/install/erc_rover/lib/erc_rover
[0.949s] 
[0.949s] Installed /home/naysha/erc_ws/build/erc_rover
[0.949s] running symlink_data
[0.973s] Invoked command in '/home/naysha/erc_ws/build/erc_rover' returned '0': DEBUGINFOD_URLS=https://debuginfod.ubuntu.com PYTHONPATH=/home/naysha/erc_ws/build/erc_rover/prefix_override:/usr/lib/python3/dist-packages/colcon_core/task/python/colcon_distutils_commands:/home/naysha/erc_ws/install/erc_rover/lib/python3.12/site-packages:/home/naysha/erc_ws/install/erc_rover_interfaces/lib/python3.12/site-packages:/home/naysha/erc_ws/build/erc_rover:/home/naysha/erc_ws/install/erc_rover/lib/python3.12/site-packages:/home/naysha/ros2_ws/install/final_pipeline/lib/python3.12/site-packages:/home/naysha/ros2_ws/install/final_pipeline_interfaces/lib/python3.12/site-packages:/opt/ros/jazzy/lib/python3.12/site-packages:/home/naysha/erc_ws /usr/bin/python3 -W ignore:setup.py install is deprecated -W ignore:easy_install command is deprecated setup.py develop --editable --build-directory /home/naysha/erc_ws/build/erc_rover/build --no-deps symlink_data
