[0.014s] Invoking command in '/home/naysha/erc_ws/build/erc_rover_interfaces': CMAKE_PREFIX_PATH=${CMAKE_PREFIX_PATH}:/home/naysha/erc_ws/install/erc_rover:/home/naysha/ros2_ws/install/final_pipeline:/opt/ros/jazzy DEBUGINFOD_URLS=https://debuginfod.ubuntu.com /usr/bin/cmake --build /home/naysha/erc_ws/build/erc_rover_interfaces -- -j12 -l12
[0.094s] [  1%] Built target erc_rover_interfaces__rosidl_generator_type_description
[0.108s] [  1%] Built target ament_cmake_python_symlink_erc_rover_interfaces
[0.145s] [  3%] Built target erc_rover_interfaces__cpp
[0.155s] [ 24%] Built target erc_rover_interfaces__rosidl_generator_c
[0.213s] [ 33%] Built target erc_rover_interfaces__rosidl_typesupport_c
[0.223s] [ 42%] Built target erc_rover_interfaces__rosidl_typesupport_fastrtps_cpp
[0.225s] [ 51%] Built target erc_rover_interfaces__rosidl_typesupport_introspection_cpp
[0.229s] [ 61%] Built target erc_rover_interfaces__rosidl_typesupport_introspection_c
[0.233s] [ 70%] Built target erc_rover_interfaces__rosidl_typesupport_cpp
[0.237s] [ 79%] Built target erc_rover_interfaces__rosidl_typesupport_fastrtps_c
[0.264s] [ 79%] Built target erc_rover_interfaces
[0.298s] [ 81%] Built target erc_rover_interfaces__py
[0.335s] [ 88%] Built target erc_rover_interfaces__rosidl_generator_py
[0.362s] [ 92%] Built target erc_rover_interfaces_s__rosidl_typesupport_c
[0.371s] [ 96%] Built target erc_rover_interfaces_s__rosidl_typesupport_fastrtps_c
[0.372s] [100%] Built target erc_rover_interfaces_s__rosidl_typesupport_introspection_c
[0.435s] running egg_info
[0.457s] writing erc_rover_interfaces.egg-info/PKG-INFO
[0.457s] writing dependency_links to erc_rover_interfaces.egg-info/dependency_links.txt
[0.457s] writing top-level names to erc_rover_interfaces.egg-info/top_level.txt
[0.520s] reading manifest file 'erc_rover_interfaces.egg-info/SOURCES.txt'
[0.521s] writing manifest file 'erc_rover_interfaces.egg-info/SOURCES.txt'
[0.556s] [100%] Built target ament_cmake_python_build_erc_rover_interfaces_egg
[0.573s] Invoked command in '/home/naysha/erc_ws/build/erc_rover_interfaces' returned '0': CMAKE_PREFIX_PATH=${CMAKE_PREFIX_PATH}:/home/naysha/erc_ws/install/erc_rover:/home/naysha/ros2_ws/install/final_pipeline:/opt/ros/jazzy DEBUGINFOD_URLS=https://debuginfod.ubuntu.com /usr/bin/cmake --build /home/naysha/erc_ws/build/erc_rover_interfaces -- -j12 -l12
[0.585s] Invoking command in '/home/naysha/erc_ws/build/erc_rover_interfaces': CMAKE_PREFIX_PATH=${CMAKE_PREFIX_PATH}:/home/naysha/erc_ws/install/erc_rover:/home/naysha/ros2_ws/install/final_pipeline:/opt/ros/jazzy DEBUGINFOD_URLS=https://debuginfod.ubuntu.com /usr/bin/cmake --install /home/naysha/erc_ws/build/erc_rover_interfaces
[0.595s] -- Install configuration: ""
[0.595s] -- Execute custom install script
[0.596s] -- Up-to-date symlink: /home/naysha/erc_ws/install/erc_rover_interfaces/share/ament_index/resource_index/rosidl_interfaces/erc_rover_interfaces
[0.596s] -- Up-to-date symlink: /home/naysha/erc_ws/install/erc_rover_interfaces/share/erc_rover_interfaces/srv/GetDepth.json
[0.596s] -- Up-to-date symlink: /home/naysha/erc_ws/install/erc_rover_interfaces/share/erc_rover_interfaces/srv/GetGPS.json
[0.596s] -- Up-to-date symlink: /home/naysha/erc_ws/install/erc_rover_interfaces/share/erc_rover_interfaces/srv/GetYaw.json
[0.597s] -- Up-to-date symlink: /home/naysha/erc_ws/install/erc_rover_interfaces/include/erc_rover_interfaces/erc_rover_interfaces/msg/rosidl_generator_c__visibility_control.h
[0.597s] -- Up-to-date symlink: /home/naysha/erc_ws/install/erc_rover_interfaces/include/erc_rover_interfaces/erc_rover_interfaces/srv/detail/get_depth__functions.h
[0.597s] -- Up-to-date symlink: /home/naysha/erc_ws/install/erc_rover_interfaces/include/erc_rover_interfaces/erc_rover_interfaces/srv/detail/get_depth__struct.h
[0.597s] -- Up-to-date symlink: /home/naysha/erc_ws/install/erc_rover_interfaces/include/erc_rover_interfaces/erc_rover_interfaces/srv/detail/get_depth__type_support.h
[0.597s] -- Up-to-date symlink: /home/naysha/erc_ws/install/erc_rover_interfaces/include/erc_rover_interfaces/erc_rover_interfaces/srv/detail/get_gps__functions.h
[0.597s] -- Up-to-date symlink: /home/naysha/erc_ws/install/erc_rover_interfaces/include/erc_rover_interfaces/erc_rover_interfaces/srv/detail/get_gps__struct.h
[0.597s] -- Up-to-date symlink: /home/naysha/erc_ws/install/erc_rover_interfaces/include/erc_rover_interfaces/erc_rover_interfaces/srv/detail/get_gps__type_support.h
[0.597s] -- Up-to-date symlink: /home/naysha/erc_ws/install/erc_rover_interfaces/include/erc_rover_interfaces/erc_rover_interfaces/srv/detail/get_yaw__functions.h
[0.597s] -- Up-to-date symlink: /home/naysha/erc_ws/install/erc_rover_interfaces/include/erc_rover_interfaces/erc_rover_interfaces/srv/detail/get_yaw__struct.h
[0.597s] -- Up-to-date symlink: /home/naysha/erc_ws/install/erc_rover_interfaces/include/erc_rover_interfaces/erc_rover_interfaces/srv/detail/get_yaw__type_support.h
[0.598s] -- Up-to-date symlink: /home/naysha/erc_ws/install/erc_rover_interfaces/include/erc_rover_interfaces/erc_rover_interfaces/srv/get_depth.h
[0.598s] -- Up-to-date symlink: /home/naysha/erc_ws/install/erc_rover_interfaces/include/erc_rover_interfaces/erc_rover_interfaces/srv/get_gps.h
[0.598s] -- Up-to-date symlink: /home/naysha/erc_ws/install/erc_rover_interfaces/include/erc_rover_interfaces/erc_rover_interfaces/srv/get_yaw.h
[0.598s] -- Up-to-date symlink: /home/naysha/erc_ws/install/erc_rover_interfaces/share/erc_rover_interfaces/environment/library_path.sh
[0.599s] -- Up-to-date symlink: /home/naysha/erc_ws/install/erc_rover_interfaces/share/erc_rover_interfaces/environment/library_path.dsv
[0.599s] -- Up-to-date symlink: /home/naysha/erc_ws/install/erc_rover_interfaces/include/erc_rover_interfaces/erc_rover_interfaces/msg/rosidl_typesupport_fastrtps_c__visibility_control.h
[0.599s] -- Up-to-date symlink: /home/naysha/erc_ws/install/erc_rover_interfaces/include/erc_rover_interfaces/erc_rover_interfaces/srv/detail/get_depth__rosidl_typesupport_fastrtps_c.h
[0.599s] -- Up-to-date symlink: /home/naysha/erc_ws/install/erc_rover_interfaces/include/erc_rover_interfaces/erc_rover_interfaces/srv/detail/get_gps__rosidl_typesupport_fastrtps_c.h
[0.599s] -- Up-to-date symlink: /home/naysha/erc_ws/install/erc_rover_interfaces/include/erc_rover_interfaces/erc_rover_interfaces/srv/detail/get_yaw__rosidl_typesupport_fastrtps_c.h
[0.599s] -- Up-to-date symlink: /home/naysha/erc_ws/install/erc_rover_interfaces/include/erc_rover_interfaces/erc_rover_interfaces/msg/rosidl_typesupport_introspection_c__visibility_control.h
[0.600s] -- Up-to-date symlink: /home/naysha/erc_ws/install/erc_rover_interfaces/include/erc_rover_interfaces/erc_rover_interfaces/srv/detail/get_depth__rosidl_typesupport_introspection_c.h
[0.600s] -- Up-to-date symlink: /home/naysha/erc_ws/install/erc_rover_interfaces/include/erc_rover_interfaces/erc_rover_interfaces/srv/detail/get_gps__rosidl_typesupport_introspection_c.h
[0.600s] -- Up-to-date symlink: /home/naysha/erc_ws/install/erc_rover_interfaces/include/erc_rover_interfaces/erc_rover_interfaces/srv/detail/get_yaw__rosidl_typesupport_introspection_c.h
[0.600s] -- Up-to-date symlink: /home/naysha/erc_ws/install/erc_rover_interfaces/include/erc_rover_interfaces/erc_rover_interfaces/msg/rosidl_generator_cpp__visibility_control.hpp
[0.600s] -- Up-to-date symlink: /home/naysha/erc_ws/install/erc_rover_interfaces/include/erc_rover_interfaces/erc_rover_interfaces/srv/detail/get_depth__builder.hpp
[0.600s] -- Up-to-date symlink: /home/naysha/erc_ws/install/erc_rover_interfaces/include/erc_rover_interfaces/erc_rover_interfaces/srv/detail/get_depth__struct.hpp
[0.600s] -- Up-to-date symlink: /home/naysha/erc_ws/install/erc_rover_interfaces/include/erc_rover_interfaces/erc_rover_interfaces/srv/detail/get_depth__traits.hpp
[0.600s] -- Up-to-date symlink: /home/naysha/erc_ws/install/erc_rover_interfaces/include/erc_rover_interfaces/erc_rover_interfaces/srv/detail/get_depth__type_support.hpp
[0.600s] -- Up-to-date symlink: /home/naysha/erc_ws/install/erc_rover_interfaces/include/erc_rover_interfaces/erc_rover_interfaces/srv/detail/get_gps__builder.hpp
[0.600s] -- Up-to-date symlink: /home/naysha/erc_ws/install/erc_rover_interfaces/include/erc_rover_interfaces/erc_rover_interfaces/srv/detail/get_gps__struct.hpp
[0.601s] -- Up-to-date symlink: /home/naysha/erc_ws/install/erc_rover_interfaces/include/erc_rover_interfaces/erc_rover_interfaces/srv/detail/get_gps__traits.hpp
[0.601s] -- Up-to-date symlink: /home/naysha/erc_ws/install/erc_rover_interfaces/include/erc_rover_interfaces/erc_rover_interfaces/srv/detail/get_gps__type_support.hpp
[0.601s] -- Up-to-date symlink: /home/naysha/erc_ws/install/erc_rover_interfaces/include/erc_rover_interfaces/erc_rover_interfaces/srv/detail/get_yaw__builder.hpp
[0.601s] -- Up-to-date symlink: /home/naysha/erc_ws/install/erc_rover_interfaces/include/erc_rover_interfaces/erc_rover_interfaces/srv/detail/get_yaw__struct.hpp
[0.601s] -- Up-to-date symlink: /home/naysha/erc_ws/install/erc_rover_interfaces/include/erc_rover_interfaces/erc_rover_interfaces/srv/detail/get_yaw__traits.hpp
[0.601s] -- Up-to-date symlink: /home/naysha/erc_ws/install/erc_rover_interfaces/include/erc_rover_interfaces/erc_rover_interfaces/srv/detail/get_yaw__type_support.hpp
[0.601s] -- Up-to-date symlink: /home/naysha/erc_ws/install/erc_rover_interfaces/include/erc_rover_interfaces/erc_rover_interfaces/srv/get_depth.hpp
[0.601s] -- Up-to-date symlink: /home/naysha/erc_ws/install/erc_rover_interfaces/include/erc_rover_interfaces/erc_rover_interfaces/srv/get_gps.hpp
[0.601s] -- Up-to-date symlink: /home/naysha/erc_ws/install/erc_rover_interfaces/include/erc_rover_interfaces/erc_rover_interfaces/srv/get_yaw.hpp
[0.602s] -- Up-to-date symlink: /home/naysha/erc_ws/install/erc_rover_interfaces/include/erc_rover_interfaces/erc_rover_interfaces/msg/rosidl_typesupport_fastrtps_cpp__visibility_control.h
[0.602s] -- Up-to-date symlink: /home/naysha/erc_ws/install/erc_rover_interfaces/include/erc_rover_interfaces/erc_rover_interfaces/srv/detail/get_depth__rosidl_typesupport_fastrtps_cpp.hpp
[0.602s] -- Up-to-date symlink: /home/naysha/erc_ws/install/erc_rover_interfaces/include/erc_rover_interfaces/erc_rover_interfaces/srv/detail/get_gps__rosidl_typesupport_fastrtps_cpp.hpp
[0.602s] -- Up-to-date symlink: /home/naysha/erc_ws/install/erc_rover_interfaces/include/erc_rover_interfaces/erc_rover_interfaces/srv/detail/get_yaw__rosidl_typesupport_fastrtps_cpp.hpp
[0.602s] -- Up-to-date symlink: /home/naysha/erc_ws/install/erc_rover_interfaces/include/erc_rover_interfaces/erc_rover_interfaces/srv/detail/get_depth__rosidl_typesupport_introspection_cpp.hpp
[0.602s] -- Up-to-date symlink: /home/naysha/erc_ws/install/erc_rover_interfaces/include/erc_rover_interfaces/erc_rover_interfaces/srv/detail/get_gps__rosidl_typesupport_introspection_cpp.hpp
[0.602s] -- Up-to-date symlink: /home/naysha/erc_ws/install/erc_rover_interfaces/include/erc_rover_interfaces/erc_rover_interfaces/srv/detail/get_yaw__rosidl_typesupport_introspection_cpp.hpp
[0.603s] -- Up-to-date symlink: /home/naysha/erc_ws/install/erc_rover_interfaces/share/erc_rover_interfaces/environment/pythonpath.sh
[0.603s] -- Up-to-date symlink: /home/naysha/erc_ws/install/erc_rover_interfaces/share/erc_rover_interfaces/environment/pythonpath.dsv
[0.603s] -- Up-to-date symlink: /home/naysha/erc_ws/install/erc_rover_interfaces/lib/python3.12/site-packages/erc_rover_interfaces-0.0.0-py3.12.egg-info/PKG-INFO
[0.604s] -- Up-to-date symlink: /home/naysha/erc_ws/install/erc_rover_interfaces/lib/python3.12/site-packages/erc_rover_interfaces-0.0.0-py3.12.egg-info/SOURCES.txt
[0.604s] -- Up-to-date symlink: /home/naysha/erc_ws/install/erc_rover_interfaces/lib/python3.12/site-packages/erc_rover_interfaces-0.0.0-py3.12.egg-info/dependency_links.txt
[0.604s] -- Up-to-date symlink: /home/naysha/erc_ws/install/erc_rover_interfaces/lib/python3.12/site-packages/erc_rover_interfaces-0.0.0-py3.12.egg-info/top_level.txt
[0.604s] -- Up-to-date symlink: /home/naysha/erc_ws/install/erc_rover_interfaces/lib/python3.12/site-packages/erc_rover_interfaces/__init__.py
[0.604s] -- Up-to-date symlink: /home/naysha/erc_ws/install/erc_rover_interfaces/lib/python3.12/site-packages/erc_rover_interfaces/_erc_rover_interfaces_s.ep.rosidl_typesupport_c.c
[0.604s] -- Up-to-date symlink: /home/naysha/erc_ws/install/erc_rover_interfaces/lib/python3.12/site-packages/erc_rover_interfaces/_erc_rover_interfaces_s.ep.rosidl_typesupport_fastrtps_c.c
[0.605s] -- Up-to-date symlink: /home/naysha/erc_ws/install/erc_rover_interfaces/lib/python3.12/site-packages/erc_rover_interfaces/_erc_rover_interfaces_s.ep.rosidl_typesupport_introspection_c.c
[0.605s] -- Up-to-date symlink: /home/naysha/erc_ws/install/erc_rover_interfaces/lib/python3.12/site-packages/erc_rover_interfaces/erc_rover_interfaces_s__rosidl_typesupport_c.so
[0.605s] -- Up-to-date symlink: /home/naysha/erc_ws/install/erc_rover_interfaces/lib/python3.12/site-packages/erc_rover_interfaces/erc_rover_interfaces_s__rosidl_typesupport_fastrtps_c.so
[0.605s] -- Up-to-date symlink: /home/naysha/erc_ws/install/erc_rover_interfaces/lib/python3.12/site-packages/erc_rover_interfaces/erc_rover_interfaces_s__rosidl_typesupport_introspection_c.so
[0.605s] -- Up-to-date symlink: /home/naysha/erc_ws/install/erc_rover_interfaces/lib/python3.12/site-packages/erc_rover_interfaces/srv/__init__.py
[0.605s] -- Up-to-date symlink: /home/naysha/erc_ws/install/erc_rover_interfaces/lib/python3.12/site-packages/erc_rover_interfaces/srv/_get_depth.py
[0.605s] -- Up-to-date symlink: /home/naysha/erc_ws/install/erc_rover_interfaces/lib/python3.12/site-packages/erc_rover_interfaces/srv/_get_depth_s.c
[0.605s] -- Up-to-date symlink: /home/naysha/erc_ws/install/erc_rover_interfaces/lib/python3.12/site-packages/erc_rover_interfaces/srv/_get_gps.py
[0.605s] -- Up-to-date symlink: /home/naysha/erc_ws/install/erc_rover_interfaces/lib/python3.12/site-packages/erc_rover_interfaces/srv/_get_gps_s.c
[0.605s] -- Up-to-date symlink: /home/naysha/erc_ws/install/erc_rover_interfaces/lib/python3.12/site-packages/erc_rover_interfaces/srv/_get_yaw.py
[0.605s] -- Up-to-date symlink: /home/naysha/erc_ws/install/erc_rover_interfaces/lib/python3.12/site-packages/erc_rover_interfaces/srv/_get_yaw_s.c
[0.606s] -- Up-to-date symlink: /home/naysha/erc_ws/install/erc_rover_interfaces/lib/python3.12/site-packages/erc_rover_interfaces/erc_rover_interfaces_s__rosidl_typesupport_fastrtps_c.so
[0.606s] -- Up-to-date symlink: /home/naysha/erc_ws/install/erc_rover_interfaces/lib/python3.12/site-packages/erc_rover_interfaces/erc_rover_interfaces_s__rosidl_typesupport_introspection_c.so
[0.606s] -- Up-to-date symlink: /home/naysha/erc_ws/install/erc_rover_interfaces/lib/python3.12/site-packages/erc_rover_interfaces/erc_rover_interfaces_s__rosidl_typesupport_c.so
[0.606s] -- Up-to-date symlink: /home/naysha/erc_ws/install/erc_rover_interfaces/share/erc_rover_interfaces/srv/GetDepth.idl
[0.606s] -- Up-to-date symlink: /home/naysha/erc_ws/install/erc_rover_interfaces/share/erc_rover_interfaces/srv/GetGPS.idl
[0.606s] -- Up-to-date symlink: /home/naysha/erc_ws/install/erc_rover_interfaces/share/erc_rover_interfaces/srv/GetYaw.idl
[0.607s] -- Up-to-date symlink: /home/naysha/erc_ws/install/erc_rover_interfaces/share/erc_rover_interfaces/srv/GetDepth.srv
[0.607s] -- Up-to-date symlink: /home/naysha/erc_ws/install/erc_rover_interfaces/share/erc_rover_interfaces/srv/GetGPS.srv
[0.607s] -- Up-to-date symlink: /home/naysha/erc_ws/install/erc_rover_interfaces/share/erc_rover_interfaces/srv/GetYaw.srv
[0.607s] -- Up-to-date symlink: /home/naysha/erc_ws/install/erc_rover_interfaces/share/ament_index/resource_index/package_run_dependencies/erc_rover_interfaces
[0.607s] -- Up-to-date symlink: /home/naysha/erc_ws/install/erc_rover_interfaces/share/ament_index/resource_index/parent_prefix_path/erc_rover_interfaces
[0.607s] -- Up-to-date symlink: /home/naysha/erc_ws/install/erc_rover_interfaces/share/erc_rover_interfaces/environment/ament_prefix_path.sh
[0.607s] -- Up-to-date symlink: /home/naysha/erc_ws/install/erc_rover_interfaces/share/erc_rover_interfaces/environment/ament_prefix_path.dsv
[0.607s] -- Up-to-date symlink: /home/naysha/erc_ws/install/erc_rover_interfaces/share/erc_rover_interfaces/environment/path.sh
[0.608s] -- Up-to-date symlink: /home/naysha/erc_ws/install/erc_rover_interfaces/share/erc_rover_interfaces/environment/path.dsv
[0.608s] -- Up-to-date symlink: /home/naysha/erc_ws/install/erc_rover_interfaces/share/erc_rover_interfaces/local_setup.bash
[0.608s] -- Up-to-date symlink: /home/naysha/erc_ws/install/erc_rover_interfaces/share/erc_rover_interfaces/local_setup.sh
[0.608s] -- Up-to-date symlink: /home/naysha/erc_ws/install/erc_rover_interfaces/share/erc_rover_interfaces/local_setup.zsh
[0.608s] -- Up-to-date symlink: /home/naysha/erc_ws/install/erc_rover_interfaces/share/erc_rover_interfaces/local_setup.dsv
[0.609s] -- Symlinking: /home/naysha/erc_ws/install/erc_rover_interfaces/share/erc_rover_interfaces/package.dsv
[0.620s] -- Up-to-date symlink: /home/naysha/erc_ws/install/erc_rover_interfaces/share/ament_index/resource_index/packages/erc_rover_interfaces
[0.620s] -- Up-to-date symlink: /home/naysha/erc_ws/install/erc_rover_interfaces/share/erc_rover_interfaces/cmake/rosidl_cmake-extras.cmake
[0.620s] -- Up-to-date symlink: /home/naysha/erc_ws/install/erc_rover_interfaces/share/erc_rover_interfaces/cmake/ament_cmake_export_dependencies-extras.cmake
[0.620s] -- Up-to-date symlink: /home/naysha/erc_ws/install/erc_rover_interfaces/share/erc_rover_interfaces/cmake/ament_cmake_export_include_directories-extras.cmake
[0.620s] -- Up-to-date symlink: /home/naysha/erc_ws/install/erc_rover_interfaces/share/erc_rover_interfaces/cmake/ament_cmake_export_libraries-extras.cmake
[0.620s] -- Up-to-date symlink: /home/naysha/erc_ws/install/erc_rover_interfaces/share/erc_rover_interfaces/cmake/ament_cmake_export_targets-extras.cmake
[0.620s] -- Up-to-date symlink: /home/naysha/erc_ws/install/erc_rover_interfaces/share/erc_rover_interfaces/cmake/rosidl_cmake_export_typesupport_targets-extras.cmake
[0.621s] -- Up-to-date symlink: /home/naysha/erc_ws/install/erc_rover_interfaces/share/erc_rover_interfaces/cmake/rosidl_cmake_export_typesupport_libraries-extras.cmake
[0.621s] -- Up-to-date symlink: /home/naysha/erc_ws/install/erc_rover_interfaces/share/erc_rover_interfaces/cmake/erc_rover_interfacesConfig.cmake
[0.621s] -- Up-to-date symlink: /home/naysha/erc_ws/install/erc_rover_interfaces/share/erc_rover_interfaces/cmake/erc_rover_interfacesConfig-version.cmake
[0.621s] -- Up-to-date symlink: /home/naysha/erc_ws/install/erc_rover_interfaces/share/erc_rover_interfaces/package.xml
[0.621s] -- Up-to-date: /home/naysha/erc_ws/install/erc_rover_interfaces/lib/liberc_rover_interfaces__rosidl_generator_c.so
[0.621s] -- Up-to-date: /home/naysha/erc_ws/install/erc_rover_interfaces/lib/liberc_rover_interfaces__rosidl_typesupport_fastrtps_c.so
[0.621s] -- Up-to-date: /home/naysha/erc_ws/install/erc_rover_interfaces/lib/liberc_rover_interfaces__rosidl_typesupport_introspection_c.so
[0.622s] -- Up-to-date: /home/naysha/erc_ws/install/erc_rover_interfaces/lib/liberc_rover_interfaces__rosidl_typesupport_c.so
[0.622s] -- Up-to-date: /home/naysha/erc_ws/install/erc_rover_interfaces/lib/liberc_rover_interfaces__rosidl_typesupport_fastrtps_cpp.so
[0.622s] -- Up-to-date: /home/naysha/erc_ws/install/erc_rover_interfaces/lib/liberc_rover_interfaces__rosidl_typesupport_introspection_cpp.so
[0.622s] -- Up-to-date: /home/naysha/erc_ws/install/erc_rover_interfaces/lib/liberc_rover_interfaces__rosidl_typesupport_cpp.so
[0.671s] Listing '/home/naysha/erc_ws/install/erc_rover_interfaces/lib/python3.12/site-packages/erc_rover_interfaces'...
[0.671s] Listing '/home/naysha/erc_ws/install/erc_rover_interfaces/lib/python3.12/site-packages/erc_rover_interfaces/srv'...
[0.678s] -- Up-to-date: /home/naysha/erc_ws/install/erc_rover_interfaces/lib/liberc_rover_interfaces__rosidl_generator_py.so
[0.678s] -- Up-to-date: /home/naysha/erc_ws/install/erc_rover_interfaces/share/erc_rover_interfaces/cmake/export_erc_rover_interfaces__rosidl_generator_cExport.cmake
[0.678s] -- Up-to-date: /home/naysha/erc_ws/install/erc_rover_interfaces/share/erc_rover_interfaces/cmake/export_erc_rover_interfaces__rosidl_generator_cExport-noconfig.cmake
[0.678s] -- Up-to-date: /home/naysha/erc_ws/install/erc_rover_interfaces/share/erc_rover_interfaces/cmake/export_erc_rover_interfaces__rosidl_typesupport_fastrtps_cExport.cmake
[0.678s] -- Up-to-date: /home/naysha/erc_ws/install/erc_rover_interfaces/share/erc_rover_interfaces/cmake/export_erc_rover_interfaces__rosidl_typesupport_fastrtps_cExport-noconfig.cmake
[0.679s] -- Up-to-date: /home/naysha/erc_ws/install/erc_rover_interfaces/share/erc_rover_interfaces/cmake/erc_rover_interfaces__rosidl_typesupport_introspection_cExport.cmake
[0.679s] -- Up-to-date: /home/naysha/erc_ws/install/erc_rover_interfaces/share/erc_rover_interfaces/cmake/erc_rover_interfaces__rosidl_typesupport_introspection_cExport-noconfig.cmake
[0.679s] -- Up-to-date: /home/naysha/erc_ws/install/erc_rover_interfaces/share/erc_rover_interfaces/cmake/erc_rover_interfaces__rosidl_typesupport_cExport.cmake
[0.679s] -- Up-to-date: /home/naysha/erc_ws/install/erc_rover_interfaces/share/erc_rover_interfaces/cmake/erc_rover_interfaces__rosidl_typesupport_cExport-noconfig.cmake
[0.679s] -- Up-to-date: /home/naysha/erc_ws/install/erc_rover_interfaces/share/erc_rover_interfaces/cmake/export_erc_rover_interfaces__rosidl_generator_cppExport.cmake
[0.679s] -- Up-to-date: /home/naysha/erc_ws/install/erc_rover_interfaces/share/erc_rover_interfaces/cmake/export_erc_rover_interfaces__rosidl_typesupport_fastrtps_cppExport.cmake
[0.679s] -- Up-to-date: /home/naysha/erc_ws/install/erc_rover_interfaces/share/erc_rover_interfaces/cmake/export_erc_rover_interfaces__rosidl_typesupport_fastrtps_cppExport-noconfig.cmake
[0.679s] -- Up-to-date: /home/naysha/erc_ws/install/erc_rover_interfaces/share/erc_rover_interfaces/cmake/erc_rover_interfaces__rosidl_typesupport_introspection_cppExport.cmake
[0.679s] -- Up-to-date: /home/naysha/erc_ws/install/erc_rover_interfaces/share/erc_rover_interfaces/cmake/erc_rover_interfaces__rosidl_typesupport_introspection_cppExport-noconfig.cmake
[0.679s] -- Up-to-date: /home/naysha/erc_ws/install/erc_rover_interfaces/share/erc_rover_interfaces/cmake/erc_rover_interfaces__rosidl_typesupport_cppExport.cmake
[0.679s] -- Up-to-date: /home/naysha/erc_ws/install/erc_rover_interfaces/share/erc_rover_interfaces/cmake/erc_rover_interfaces__rosidl_typesupport_cppExport-noconfig.cmake
[0.679s] -- Up-to-date: /home/naysha/erc_ws/install/erc_rover_interfaces/share/erc_rover_interfaces/cmake/export_erc_rover_interfaces__rosidl_generator_pyExport.cmake
[0.679s] -- Up-to-date: /home/naysha/erc_ws/install/erc_rover_interfaces/share/erc_rover_interfaces/cmake/export_erc_rover_interfaces__rosidl_generator_pyExport-noconfig.cmake
[0.681s] Invoked command in '/home/naysha/erc_ws/build/erc_rover_interfaces' returned '0': CMAKE_PREFIX_PATH=${CMAKE_PREFIX_PATH}:/home/naysha/erc_ws/install/erc_rover:/home/naysha/ros2_ws/install/final_pipeline:/opt/ros/jazzy DEBUGINFOD_URLS=https://debuginfod.ubuntu.com /usr/bin/cmake --install /home/naysha/erc_ws/build/erc_rover_interfaces
